2025-08-28 19:20:36,376 - ERROR - Failed to import flappy_bird_gym: No module named 'flappy_bird_gym'
2025-08-28 19:20:36,507 - INFO - Using FlappyBird-v0 from flappy_bird_gymnasium
2025-08-28 19:20:38,444 - INFO - Episode 1 - Score: -7.499999999999998, Steps: 50
2025-08-28 19:20:39,026 - INFO - New best score: -7.499999999999998. Model saved.
2025-08-28 19:20:41,007 - INFO - Episode 2 - Score: -8.7, Steps: 50
2025-08-28 19:20:43,760 - INFO - Episode 3 - Score: -8.099999999999998, Steps: 50
2025-08-28 19:20:46,606 - INFO - Episode 4 - Score: -9.299999999999999, Steps: 50
2025-08-28 19:20:49,700 - INFO - Episode 5 - Score: -8.099999999999998, Steps: 50
2025-08-28 19:20:52,300 - INFO - Episode 6 - Score: -3.899999999999998, Steps: 50
2025-08-28 19:20:52,443 - INFO - New best score: -3.899999999999998. Model saved.
2025-08-28 19:20:53,738 - INFO - Episode 7 - Score: 0.8000000000000012, Steps: 31
2025-08-28 19:20:53,884 - INFO - New best score: 0.8000000000000012. Model saved.
2025-08-28 19:20:55,881 - INFO - Episode 8 - Score: -0.8999999999999986, Steps: 50
2025-08-28 19:20:57,279 - INFO - Episode 9 - Score: 0.8000000000000012, Steps: 31
2025-08-28 19:20:59,520 - INFO - Episode 10 - Score: -0.8999999999999986, Steps: 50
2025-08-28 19:20:59,681 - INFO - Model saved at episode 10
2025-08-28 19:21:01,726 - INFO - Episode 11 - Score: -0.8999999999999986, Steps: 50
2025-08-28 19:21:03,886 - INFO - Episode 12 - Score: -0.8999999999999986, Steps: 50
2025-08-28 19:21:06,087 - INFO - Episode 13 - Score: -4.499999999999998, Steps: 50
2025-08-28 19:21:08,281 - INFO - Episode 14 - Score: -8.099999999999998, Steps: 50
2025-08-28 19:21:10,528 - INFO - Episode 15 - Score: -8.7, Steps: 50
2025-08-28 19:21:12,778 - INFO - Episode 16 - Score: -3.299999999999998, Steps: 50
2025-08-28 19:21:15,041 - INFO - Episode 17 - Score: -2.099999999999998, Steps: 50
2025-08-28 19:21:17,293 - INFO - Episode 18 - Score: -0.8999999999999986, Steps: 50
2025-08-28 19:21:18,733 - INFO - Episode 19 - Score: 0.8000000000000012, Steps: 31
2025-08-28 19:21:20,963 - INFO - Episode 20 - Score: -0.8999999999999986, Steps: 50
2025-08-28 19:21:21,129 - INFO - Model saved at episode 20
2025-08-28 19:21:22,578 - INFO - Episode 21 - Score: 0.8000000000000012, Steps: 31
2025-08-28 19:21:24,022 - INFO - Episode 22 - Score: 0.8000000000000012, Steps: 31
2025-08-28 19:21:25,454 - INFO - Episode 23 - Score: 0.8000000000000012, Steps: 31
2025-08-28 19:21:27,715 - INFO - Episode 24 - Score: -0.8999999999999986, Steps: 50
2025-08-28 19:21:29,947 - INFO - Episode 25 - Score: -0.8999999999999986, Steps: 50
2025-08-28 19:21:32,244 - INFO - Episode 26 - Score: -9.299999999999999, Steps: 50
2025-08-28 19:21:34,446 - INFO - Episode 27 - Score: -9.299999999999999, Steps: 50
2025-08-28 19:21:36,675 - INFO - Episode 28 - Score: -0.8999999999999986, Steps: 50
2025-08-28 19:21:38,986 - INFO - Episode 29 - Score: -0.8999999999999986, Steps: 50
2025-08-28 19:21:41,235 - INFO - Episode 30 - Score: -0.8999999999999986, Steps: 50
2025-08-28 19:21:41,395 - INFO - Model saved at episode 30
2025-08-28 19:21:43,524 - INFO - Episode 31 - Score: -0.8999999999999986, Steps: 50
2025-08-28 19:21:45,833 - INFO - Episode 32 - Score: -0.8999999999999986, Steps: 50
2025-08-28 19:21:48,121 - INFO - Episode 33 - Score: -0.8999999999999986, Steps: 50
2025-08-28 19:21:50,333 - INFO - Episode 34 - Score: -0.8999999999999986, Steps: 50
2025-08-28 19:21:52,595 - INFO - Episode 35 - Score: -0.8999999999999986, Steps: 50
2025-08-28 19:21:54,778 - INFO - Episode 36 - Score: -0.8999999999999986, Steps: 50
2025-08-28 19:21:57,033 - INFO - Episode 37 - Score: -0.8999999999999986, Steps: 50
2025-08-28 19:21:58,466 - INFO - Episode 38 - Score: 0.8000000000000012, Steps: 31
2025-08-28 19:22:00,684 - INFO - Episode 39 - Score: -0.8999999999999986, Steps: 50
2025-08-28 19:22:02,953 - INFO - Episode 40 - Score: -0.8999999999999986, Steps: 50
2025-08-28 19:22:03,114 - INFO - Model saved at episode 40
2025-08-28 19:22:05,194 - INFO - Episode 41 - Score: -0.8999999999999986, Steps: 50
2025-08-28 19:22:07,413 - INFO - Episode 42 - Score: -0.8999999999999986, Steps: 50
2025-08-28 19:22:09,626 - INFO - Episode 43 - Score: -0.8999999999999986, Steps: 50
2025-08-28 19:22:11,887 - INFO - Episode 44 - Score: -2.699999999999998, Steps: 50
2025-08-28 19:22:13,335 - INFO - Episode 45 - Score: 0.8000000000000012, Steps: 31
2025-08-28 19:22:14,801 - INFO - Episode 46 - Score: 0.8000000000000012, Steps: 31
2025-08-28 19:22:17,085 - INFO - Episode 47 - Score: -0.8999999999999986, Steps: 50
2025-08-28 19:22:19,377 - INFO - Episode 48 - Score: -0.8999999999999986, Steps: 50
2025-08-28 19:22:21,561 - INFO - Episode 49 - Score: -0.8999999999999986, Steps: 50
2025-08-28 19:22:23,747 - INFO - Episode 50 - Score: -0.8999999999999986, Steps: 50
2025-08-28 19:22:23,891 - INFO - Model saved at episode 50
2025-08-28 19:22:25,919 - INFO - Episode 51 - Score: -0.8999999999999986, Steps: 50
2025-08-28 19:22:28,100 - INFO - Episode 52 - Score: -0.8999999999999986, Steps: 50
2025-08-28 19:22:30,274 - INFO - Episode 53 - Score: -0.8999999999999986, Steps: 50
2025-08-28 19:22:32,485 - INFO - Episode 54 - Score: -1.4999999999999978, Steps: 50
2025-08-28 19:22:34,644 - INFO - Episode 55 - Score: -1.4999999999999978, Steps: 50
2025-08-28 19:22:36,804 - INFO - Episode 56 - Score: -2.699999999999998, Steps: 50
2025-08-28 19:22:38,958 - INFO - Episode 57 - Score: -0.8999999999999986, Steps: 50
2025-08-28 19:22:41,218 - INFO - Episode 58 - Score: -1.4999999999999978, Steps: 50
2025-08-28 19:22:43,393 - INFO - Episode 59 - Score: -1.4999999999999978, Steps: 50
2025-08-28 19:22:45,551 - INFO - Episode 60 - Score: -1.4999999999999978, Steps: 50
2025-08-28 19:22:45,697 - INFO - Model saved at episode 60
2025-08-28 19:22:47,722 - INFO - Episode 61 - Score: -2.699999999999998, Steps: 50
2025-08-28 19:22:49,884 - INFO - Episode 62 - Score: -0.8999999999999986, Steps: 50
2025-08-28 19:22:52,063 - INFO - Episode 63 - Score: -2.699999999999998, Steps: 50
2025-08-28 19:22:53,483 - INFO - Episode 64 - Score: 0.8000000000000012, Steps: 31
2025-08-28 19:22:55,677 - INFO - Episode 65 - Score: -2.699999999999998, Steps: 50
2025-08-28 19:22:57,865 - INFO - Episode 66 - Score: -1.4999999999999978, Steps: 50
2025-08-28 19:23:00,023 - INFO - Episode 67 - Score: -0.8999999999999986, Steps: 50
2025-08-28 19:23:02,179 - INFO - Episode 68 - Score: -0.8999999999999986, Steps: 50
2025-08-28 19:23:04,367 - INFO - Episode 69 - Score: -0.8999999999999986, Steps: 50
2025-08-28 19:23:06,561 - INFO - Episode 70 - Score: -0.8999999999999986, Steps: 50
2025-08-28 19:23:06,716 - INFO - Model saved at episode 70
2025-08-28 19:23:08,011 - INFO - Episode 71 - Score: 0.8000000000000012, Steps: 31
2025-08-28 19:23:09,431 - INFO - Episode 72 - Score: 0.8000000000000012, Steps: 31
2025-08-28 19:23:10,858 - INFO - Episode 73 - Score: 0.8000000000000012, Steps: 31
2025-08-28 19:23:12,291 - INFO - Episode 74 - Score: 0.8000000000000012, Steps: 31
2025-08-28 19:23:13,724 - INFO - Episode 75 - Score: 0.8000000000000012, Steps: 31
2025-08-28 19:23:15,925 - INFO - Episode 76 - Score: 0.3000000000000007, Steps: 50
2025-08-28 19:23:18,121 - INFO - Episode 77 - Score: -0.8999999999999986, Steps: 50
2025-08-28 19:23:20,337 - INFO - Episode 78 - Score: -0.8999999999999986, Steps: 50
2025-08-28 19:23:22,543 - INFO - Episode 79 - Score: -0.8999999999999986, Steps: 50
2025-08-28 19:23:24,745 - INFO - Episode 80 - Score: -0.8999999999999986, Steps: 50
2025-08-28 19:23:24,900 - INFO - Model saved at episode 80
2025-08-28 19:23:26,944 - INFO - Episode 81 - Score: -0.8999999999999986, Steps: 50
2025-08-28 19:23:29,176 - INFO - Episode 82 - Score: 1.5999999999999996, Steps: 51
2025-08-28 19:23:29,324 - INFO - New best score: 1.5999999999999996. Model saved.
2025-08-28 19:23:31,360 - INFO - Episode 83 - Score: -0.8999999999999986, Steps: 50
2025-08-28 19:23:33,565 - INFO - Episode 84 - Score: -0.8999999999999986, Steps: 50
2025-08-28 19:23:35,815 - INFO - Episode 85 - Score: -0.8999999999999986, Steps: 50
2025-08-28 19:23:38,008 - INFO - Episode 86 - Score: -0.8999999999999986, Steps: 50
2025-08-28 19:23:40,182 - INFO - Episode 87 - Score: -0.8999999999999986, Steps: 50
2025-08-28 19:23:42,322 - INFO - Episode 88 - Score: -0.8999999999999986, Steps: 50
2025-08-28 19:23:44,498 - INFO - Episode 89 - Score: -0.8999999999999986, Steps: 50
2025-08-28 19:23:46,642 - INFO - Episode 90 - Score: -0.8999999999999986, Steps: 50
2025-08-28 19:23:46,793 - INFO - Model saved at episode 90
2025-08-28 19:23:48,831 - INFO - Episode 91 - Score: -1.4999999999999978, Steps: 50
2025-08-28 19:23:50,970 - INFO - Episode 92 - Score: -0.8999999999999986, Steps: 50
2025-08-28 19:23:52,993 - INFO - Episode 93 - Score: 1.6000000000000014, Steps: 45
2025-08-28 19:23:53,141 - INFO - New best score: 1.6000000000000014. Model saved.
2025-08-28 19:23:55,122 - INFO - Episode 94 - Score: -0.8999999999999986, Steps: 50
2025-08-28 19:23:57,242 - INFO - Episode 95 - Score: -1.4999999999999978, Steps: 50
2025-08-28 19:23:59,392 - INFO - Episode 96 - Score: -0.8999999999999986, Steps: 50
2025-08-28 19:24:01,539 - INFO - Episode 97 - Score: -0.8999999999999986, Steps: 50
2025-08-28 19:24:03,663 - INFO - Episode 98 - Score: -1.4999999999999978, Steps: 50
2025-08-28 19:24:05,795 - INFO - Episode 99 - Score: -0.8999999999999986, Steps: 50
2025-08-28 19:24:07,935 - INFO - Episode 100 - Score: -0.8999999999999986, Steps: 50
2025-08-28 19:24:08,086 - INFO - Model saved at episode 100
2025-08-28 19:24:10,101 - INFO - Episode 101 - Score: -0.8999999999999986, Steps: 50
2025-08-28 19:24:12,259 - INFO - Episode 102 - Score: -1.3999999999999986, Steps: 51
2025-08-28 19:24:14,375 - INFO - Episode 103 - Score: -0.8999999999999986, Steps: 50
2025-08-28 19:24:16,525 - INFO - Episode 104 - Score: -0.8999999999999986, Steps: 50
2025-08-28 19:24:18,647 - INFO - Episode 105 - Score: -0.8999999999999986, Steps: 50
2025-08-28 19:24:20,907 - INFO - Episode 106 - Score: 1.2000000000000002, Steps: 53
2025-08-28 19:24:23,051 - INFO - Episode 107 - Score: -0.8999999999999986, Steps: 50
2025-08-28 19:24:25,250 - INFO - Episode 108 - Score: 2.299999999999999, Steps: 52
2025-08-28 19:24:25,398 - INFO - New best score: 2.299999999999999. Model saved.
2025-08-28 19:24:27,384 - INFO - Episode 109 - Score: -0.8999999999999986, Steps: 50
2025-08-28 19:24:29,387 - INFO - Episode 110 - Score: 0.6000000000000014, Steps: 47
2025-08-28 19:24:29,610 - INFO - Model saved at episode 110
2025-08-28 19:24:31,570 - INFO - Episode 111 - Score: -0.8999999999999986, Steps: 50
2025-08-28 19:24:33,673 - INFO - Episode 112 - Score: -0.8999999999999986, Steps: 50
2025-08-28 19:24:35,777 - INFO - Episode 113 - Score: -0.8999999999999986, Steps: 50
2025-08-28 19:24:37,872 - INFO - Episode 114 - Score: -0.8999999999999986, Steps: 50
2025-08-28 19:24:39,996 - INFO - Episode 115 - Score: -0.8999999999999986, Steps: 50
2025-08-28 19:24:42,088 - INFO - Episode 116 - Score: -0.8999999999999986, Steps: 50
2025-08-28 19:24:44,205 - INFO - Episode 117 - Score: 0.9000000000000004, Steps: 50
2025-08-28 19:24:46,328 - INFO - Episode 118 - Score: 0.9000000000000004, Steps: 50
2025-08-28 19:24:48,436 - INFO - Episode 119 - Score: -0.8999999999999986, Steps: 50
2025-08-28 19:24:50,529 - INFO - Episode 120 - Score: -0.8999999999999986, Steps: 50
2025-08-28 19:24:50,675 - INFO - Model saved at episode 120
2025-08-28 19:24:52,648 - INFO - Episode 121 - Score: -0.8999999999999986, Steps: 50
2025-08-28 19:24:54,773 - INFO - Episode 122 - Score: -5.699999999999999, Steps: 50
2025-08-28 19:24:56,903 - INFO - Episode 123 - Score: -0.8999999999999986, Steps: 50
2025-08-28 19:24:59,034 - INFO - Episode 124 - Score: -0.29999999999999893, Steps: 50
2025-08-28 19:25:01,153 - INFO - Episode 125 - Score: -0.8999999999999986, Steps: 50
2025-08-28 19:25:03,290 - INFO - Episode 126 - Score: -0.8999999999999986, Steps: 50
2025-08-28 19:25:05,400 - INFO - Episode 127 - Score: -1.4999999999999978, Steps: 50
2025-08-28 19:25:07,518 - INFO - Episode 128 - Score: 2.0999999999999996, Steps: 50
2025-08-28 19:25:09,641 - INFO - Episode 129 - Score: -0.8999999999999986, Steps: 50
2025-08-28 19:25:11,776 - INFO - Episode 130 - Score: -0.8999999999999986, Steps: 50
2025-08-28 19:25:11,914 - INFO - Model saved at episode 130
2025-08-28 19:25:13,921 - INFO - Episode 131 - Score: -0.8999999999999986, Steps: 50
2025-08-28 19:25:16,259 - INFO - Episode 132 - Score: -1.4999999999999987, Steps: 56
2025-08-28 19:25:18,626 - INFO - Episode 133 - Score: -0.29999999999999805, Steps: 56
2025-08-28 19:25:21,036 - INFO - Episode 134 - Score: -1.3999999999999986, Steps: 57
2025-08-28 19:25:23,128 - INFO - Episode 135 - Score: -0.8999999999999986, Steps: 50
2025-08-28 19:25:25,278 - INFO - Episode 136 - Score: -0.8999999999999986, Steps: 50
2025-08-28 19:25:27,371 - INFO - Episode 137 - Score: -0.8999999999999986, Steps: 50
2025-08-28 19:25:29,490 - INFO - Episode 138 - Score: -0.8999999999999986, Steps: 50
2025-08-28 19:25:31,608 - INFO - Episode 139 - Score: -0.8999999999999986, Steps: 50
2025-08-28 19:25:33,732 - INFO - Episode 140 - Score: -0.8999999999999986, Steps: 50
2025-08-28 19:25:33,878 - INFO - Model saved at episode 140
2025-08-28 19:25:35,867 - INFO - Episode 141 - Score: -1.4999999999999978, Steps: 50
2025-08-28 19:25:37,223 - INFO - Episode 142 - Score: 0.8000000000000012, Steps: 31
2025-08-28 19:25:39,334 - INFO - Episode 143 - Score: -2.699999999999998, Steps: 50
2025-08-28 19:25:41,117 - INFO - Episode 144 - Score: 1.9000000000000021, Steps: 42
2025-08-28 19:25:43,225 - INFO - Episode 145 - Score: 0.9000000000000004, Steps: 50
2025-08-28 19:25:45,355 - INFO - Episode 146 - Score: -0.29999999999999893, Steps: 50
2025-08-28 19:25:47,487 - INFO - Episode 147 - Score: -9.299999999999999, Steps: 50
2025-08-28 19:25:49,605 - INFO - Episode 148 - Score: -9.299999999999999, Steps: 50
2025-08-28 19:25:51,707 - INFO - Episode 149 - Score: -9.299999999999999, Steps: 50
2025-08-28 19:25:53,826 - INFO - Episode 150 - Score: -0.8999999999999986, Steps: 50
2025-08-28 19:25:53,975 - INFO - Model saved at episode 150
2025-08-28 19:25:55,954 - INFO - Episode 151 - Score: -6.299999999999999, Steps: 50
2025-08-28 19:25:58,067 - INFO - Episode 152 - Score: -5.099999999999998, Steps: 50
2025-08-28 19:26:00,224 - INFO - Episode 153 - Score: -0.8999999999999986, Steps: 50
2025-08-28 19:26:02,711 - INFO - Episode 154 - Score: 2.399999999999997, Steps: 59
2025-08-28 19:26:02,857 - INFO - New best score: 2.399999999999997. Model saved.
2025-08-28 19:26:05,334 - INFO - Episode 155 - Score: 1.799999999999999, Steps: 62
2025-08-28 19:26:07,477 - INFO - Episode 156 - Score: -0.29999999999999893, Steps: 50
2025-08-28 19:26:09,541 - INFO - Episode 157 - Score: 0.3000000000000007, Steps: 50
2025-08-28 19:26:11,664 - INFO - Episode 158 - Score: -0.8999999999999986, Steps: 50
2025-08-28 19:26:13,798 - INFO - Episode 159 - Score: -0.8999999999999986, Steps: 50
2025-08-28 19:26:16,359 - INFO - Episode 160 - Score: 0.19999999999999973, Steps: 61
2025-08-28 19:26:16,506 - INFO - Model saved at episode 160
2025-08-28 19:26:21,855 - INFO - Episode 161 - Score: 1.3999999999999906, Steps: 133
2025-08-28 19:26:24,600 - INFO - Episode 162 - Score: 2.099999999999998, Steps: 65
2025-08-28 19:26:27,216 - INFO - Episode 163 - Score: 2.3999999999999986, Steps: 62
2025-08-28 19:26:27,368 - INFO - New best score: 2.3999999999999986. Model saved.
2025-08-28 19:26:30,748 - INFO - Episode 164 - Score: -1.199999999999997, Steps: 86
2025-08-28 19:26:32,861 - INFO - Episode 165 - Score: -0.8999999999999986, Steps: 50
2025-08-28 19:26:34,971 - INFO - Episode 166 - Score: -0.8999999999999986, Steps: 50
2025-08-28 19:26:37,106 - INFO - Episode 167 - Score: -0.8999999999999986, Steps: 50
2025-08-28 19:26:40,652 - INFO - Episode 168 - Score: 0.5999999999999908, Steps: 86
2025-08-28 19:26:43,166 - INFO - Episode 169 - Score: 3.099999999999996, Steps: 60
2025-08-28 19:26:43,313 - INFO - New best score: 3.099999999999996. Model saved.
2025-08-28 19:26:45,311 - INFO - Episode 170 - Score: 0.3000000000000007, Steps: 50
2025-08-28 19:26:45,456 - INFO - Model saved at episode 170
2025-08-28 19:26:47,451 - INFO - Episode 171 - Score: -8.099999999999998, Steps: 50
2025-08-28 19:26:49,577 - INFO - Episode 172 - Score: -9.299999999999999, Steps: 50
2025-08-28 19:26:51,695 - INFO - Episode 173 - Score: -9.299999999999999, Steps: 50
2025-08-28 19:26:53,816 - INFO - Episode 174 - Score: -0.8999999999999986, Steps: 50
2025-08-28 19:26:57,771 - INFO - Episode 175 - Score: 1.6999999999999895, Steps: 97
2025-08-28 19:27:00,322 - INFO - Episode 176 - Score: 1.4000000000000012, Steps: 61
2025-08-28 19:27:02,850 - INFO - Episode 177 - Score: 1.3999999999999968, Steps: 61
2025-08-28 19:27:05,421 - INFO - Episode 178 - Score: 3.1999999999999957, Steps: 61
2025-08-28 19:27:05,569 - INFO - New best score: 3.1999999999999957. Model saved.
2025-08-28 19:27:08,056 - INFO - Episode 179 - Score: 2.9999999999999996, Steps: 62
2025-08-28 19:27:12,104 - INFO - Episode 180 - Score: 1.5999999999999917, Steps: 96
2025-08-28 19:27:12,241 - INFO - Model saved at episode 180
2025-08-28 19:27:14,241 - INFO - Episode 181 - Score: 2.799999999999999, Steps: 51
2025-08-28 19:27:16,343 - INFO - Episode 182 - Score: -9.299999999999999, Steps: 50
2025-08-28 19:27:18,451 - INFO - Episode 183 - Score: -9.299999999999999, Steps: 50
2025-08-28 19:27:20,544 - INFO - Episode 184 - Score: -9.299999999999999, Steps: 50
2025-08-28 19:27:22,660 - INFO - Episode 185 - Score: -9.299999999999999, Steps: 50
2025-08-28 19:27:25,169 - INFO - Episode 186 - Score: 2.4000000000000004, Steps: 59
2025-08-28 19:27:27,802 - INFO - Episode 187 - Score: 1.999999999999997, Steps: 61
2025-08-28 19:27:30,623 - INFO - Episode 188 - Score: 4.199999999999996, Steps: 68
2025-08-28 19:27:30,771 - INFO - New best score: 4.199999999999996. Model saved.
2025-08-28 19:27:33,251 - INFO - Episode 189 - Score: 4.199999999999996, Steps: 62
2025-08-28 19:27:35,462 - INFO - Episode 190 - Score: -0.8999999999999986, Steps: 50
2025-08-28 19:27:35,608 - INFO - Model saved at episode 190
2025-08-28 19:27:37,629 - INFO - Episode 191 - Score: -6.899999999999999, Steps: 50
2025-08-28 19:27:39,758 - INFO - Episode 192 - Score: -9.299999999999999, Steps: 50
2025-08-28 19:27:41,851 - INFO - Episode 193 - Score: -9.299999999999999, Steps: 50
2025-08-28 19:27:43,948 - INFO - Episode 194 - Score: -9.299999999999999, Steps: 50
2025-08-28 19:27:46,074 - INFO - Episode 195 - Score: -6.299999999999999, Steps: 50
2025-08-28 19:27:50,198 - INFO - Episode 196 - Score: 7.799999999999988, Steps: 101
2025-08-28 19:27:50,347 - INFO - New best score: 7.799999999999988. Model saved.
2025-08-28 19:27:54,701 - INFO - Episode 197 - Score: 6.499999999999984, Steps: 106
2025-08-28 19:27:59,097 - INFO - Episode 198 - Score: 6.299999999999983, Steps: 104
2025-08-28 19:28:01,236 - INFO - Episode 199 - Score: -0.8999999999999986, Steps: 50
2025-08-28 19:28:03,390 - INFO - Episode 200 - Score: -8.099999999999998, Steps: 50
2025-08-28 19:28:03,555 - INFO - Model saved at episode 200
2025-08-28 19:28:05,796 - INFO - Episode 201 - Score: -9.299999999999999, Steps: 50
2025-08-28 19:28:07,977 - INFO - Episode 202 - Score: -9.299999999999999, Steps: 50
2025-08-28 19:28:10,188 - INFO - Episode 203 - Score: -9.299999999999999, Steps: 50
2025-08-28 19:28:12,451 - INFO - Episode 204 - Score: -3.899999999999998, Steps: 50
2025-08-28 19:28:16,980 - INFO - Episode 205 - Score: 4.399999999999999, Steps: 103
2025-08-28 19:28:21,367 - INFO - Episode 206 - Score: 9.799999999999983, Steps: 103
2025-08-28 19:28:21,508 - INFO - New best score: 9.799999999999983. Model saved.
2025-08-28 19:28:29,253 - INFO - Episode 207 - Score: 0.5999999999999932, Steps: 179
2025-08-28 19:28:32,071 - INFO - Episode 208 - Score: 0.6000000000000005, Steps: 62
2025-08-28 19:28:34,580 - INFO - Episode 209 - Score: -9.299999999999999, Steps: 50
2025-08-28 19:28:36,906 - INFO - Episode 210 - Score: -9.299999999999999, Steps: 50
2025-08-28 19:28:37,058 - INFO - Model saved at episode 210
2025-08-28 19:28:39,255 - INFO - Episode 211 - Score: -9.299999999999999, Steps: 50
2025-08-28 19:28:41,664 - INFO - Episode 212 - Score: 0.9000000000000012, Steps: 56
2025-08-28 19:28:47,275 - INFO - Episode 213 - Score: -1.1000000000000008, Steps: 132
2025-08-28 19:28:50,279 - INFO - Episode 214 - Score: 1.2999999999999976, Steps: 69
2025-08-28 19:28:52,741 - INFO - Episode 215 - Score: 2.799999999999997, Steps: 57
2025-08-28 19:28:54,974 - INFO - Episode 216 - Score: 1.5, Steps: 50
2025-08-28 19:28:57,172 - INFO - Episode 217 - Score: -0.8999999999999986, Steps: 50
2025-08-28 19:28:59,384 - INFO - Episode 218 - Score: -0.8999999999999986, Steps: 50
2025-08-28 19:29:01,600 - INFO - Episode 219 - Score: -2.699999999999998, Steps: 50
2025-08-28 19:29:03,930 - INFO - Episode 220 - Score: -0.8999999999999986, Steps: 50
2025-08-28 19:29:04,081 - INFO - Model saved at episode 220
2025-08-28 19:29:06,927 - INFO - Episode 221 - Score: 0.399999999999999, Steps: 66
2025-08-28 19:29:10,978 - INFO - Episode 222 - Score: -0.8000000000000069, Steps: 96
2025-08-28 19:29:13,587 - INFO - Episode 223 - Score: 0.7999999999999972, Steps: 61
2025-08-28 19:29:17,692 - INFO - Episode 224 - Score: 0.4999999999999982, Steps: 97
2025-08-28 19:29:20,208 - INFO - Episode 225 - Score: -0.1999999999999993, Steps: 57
2025-08-28 19:29:22,391 - INFO - Episode 226 - Score: -0.8999999999999986, Steps: 50
2025-08-28 19:29:24,593 - INFO - Episode 227 - Score: -6.899999999999999, Steps: 50
2025-08-28 19:29:26,818 - INFO - Episode 228 - Score: -9.299999999999999, Steps: 50
2025-08-28 19:29:28,971 - INFO - Episode 229 - Score: -9.299999999999999, Steps: 50
2025-08-28 19:29:31,158 - INFO - Episode 230 - Score: -9.299999999999999, Steps: 50
2025-08-28 19:29:31,305 - INFO - Model saved at episode 230
2025-08-28 19:29:33,372 - INFO - Episode 231 - Score: -6.899999999999999, Steps: 50
2025-08-28 19:29:35,572 - INFO - Episode 232 - Score: -0.8999999999999986, Steps: 50
2025-08-28 19:29:37,732 - INFO - Episode 233 - Score: -0.29999999999999893, Steps: 50
2025-08-28 19:29:39,910 - INFO - Episode 234 - Score: 1.5, Steps: 50
2025-08-28 19:29:42,054 - INFO - Episode 235 - Score: -2.699999999999998, Steps: 50
2025-08-28 19:29:46,282 - INFO - Episode 236 - Score: 5.799999999999985, Steps: 99
2025-08-28 19:29:48,977 - INFO - Episode 237 - Score: 3.6999999999999993, Steps: 63
2025-08-28 19:29:51,443 - INFO - Episode 238 - Score: -1.3999999999999981, Steps: 57
2025-08-28 19:29:53,601 - INFO - Episode 239 - Score: -9.299999999999999, Steps: 50
2025-08-28 19:29:55,827 - INFO - Episode 240 - Score: -9.299999999999999, Steps: 50
2025-08-28 19:29:55,972 - INFO - Model saved at episode 240
2025-08-28 19:29:58,077 - INFO - Episode 241 - Score: -9.299999999999999, Steps: 50
2025-08-28 19:30:00,393 - INFO - Episode 242 - Score: -9.299999999999999, Steps: 50
2025-08-28 19:30:02,583 - INFO - Episode 243 - Score: -9.299999999999999, Steps: 50
2025-08-28 19:30:04,785 - INFO - Episode 244 - Score: -9.299999999999999, Steps: 50
2025-08-28 19:30:07,577 - INFO - Episode 245 - Score: -1.3999999999999986, Steps: 66
2025-08-28 19:30:10,438 - INFO - Episode 246 - Score: 4.699999999999998, Steps: 67
2025-08-28 19:30:17,119 - INFO - Episode 247 - Score: 12.499999999999963, Steps: 163
2025-08-28 19:30:17,276 - INFO - New best score: 12.499999999999963. Model saved.
2025-08-28 19:30:22,337 - INFO - Episode 248 - Score: 7.5999999999999766, Steps: 123
2025-08-28 19:30:26,834 - INFO - Episode 249 - Score: 7.6999999999999815, Steps: 106
2025-08-28 19:30:32,733 - INFO - Episode 250 - Score: 9.799999999999974, Steps: 142
2025-08-28 19:30:32,888 - INFO - Model saved at episode 250
2025-08-28 19:30:34,986 - INFO - Episode 251 - Score: -9.299999999999999, Steps: 50
2025-08-28 19:30:37,148 - INFO - Episode 252 - Score: -9.299999999999999, Steps: 50
2025-08-28 19:30:39,365 - INFO - Episode 253 - Score: -9.299999999999999, Steps: 50
2025-08-28 19:30:41,602 - INFO - Episode 254 - Score: -9.299999999999999, Steps: 50
2025-08-28 19:30:43,782 - INFO - Episode 255 - Score: -9.299999999999999, Steps: 50
2025-08-28 19:30:45,967 - INFO - Episode 256 - Score: -9.299999999999999, Steps: 50
2025-08-28 19:30:48,832 - INFO - Episode 257 - Score: -1.4, Steps: 66
2025-08-28 19:30:56,501 - INFO - Episode 258 - Score: 9.19999999999996, Steps: 181
2025-08-28 19:31:08,678 - INFO - Episode 259 - Score: 17.299999999999976, Steps: 295
2025-08-28 19:31:08,821 - INFO - New best score: 17.299999999999976. Model saved.
2025-08-28 19:31:11,524 - INFO - Episode 260 - Score: 2.0000000000000027, Steps: 64
2025-08-28 19:31:11,671 - INFO - Model saved at episode 260
2025-08-28 19:31:16,025 - INFO - Episode 261 - Score: 5.699999999999983, Steps: 104
2025-08-28 19:31:21,818 - INFO - Episode 262 - Score: -0.2999999999999958, Steps: 137
2025-08-28 19:31:24,043 - INFO - Episode 263 - Score: -0.7999999999999985, Steps: 51
2025-08-28 19:31:26,240 - INFO - Episode 264 - Score: -9.299999999999999, Steps: 50
2025-08-28 19:31:28,404 - INFO - Episode 265 - Score: -9.299999999999999, Steps: 50
2025-08-28 19:31:30,636 - INFO - Episode 266 - Score: -9.299999999999999, Steps: 50
2025-08-28 19:31:32,789 - INFO - Episode 267 - Score: -0.8999999999999986, Steps: 50
2025-08-28 19:31:35,041 - INFO - Episode 268 - Score: -1.2999999999999985, Steps: 52
2025-08-28 19:31:37,321 - INFO - Episode 269 - Score: -0.7999999999999985, Steps: 51
2025-08-28 19:31:39,642 - INFO - Episode 270 - Score: 1.6999999999999993, Steps: 52
2025-08-28 19:31:39,828 - INFO - Model saved at episode 270
2025-08-28 19:31:43,928 - INFO - Episode 271 - Score: 3.5999999999999934, Steps: 92
2025-08-28 19:31:46,458 - INFO - Episode 272 - Score: -0.6999999999999984, Steps: 58
2025-08-28 19:31:48,626 - INFO - Episode 273 - Score: -0.8999999999999986, Steps: 50
2025-08-28 19:31:50,854 - INFO - Episode 274 - Score: -9.299999999999999, Steps: 50
2025-08-28 19:31:53,077 - INFO - Episode 275 - Score: -9.299999999999999, Steps: 50
2025-08-28 19:31:55,232 - INFO - Episode 276 - Score: -9.299999999999999, Steps: 50
2025-08-28 19:31:57,421 - INFO - Episode 277 - Score: -8.099999999999998, Steps: 50
2025-08-28 19:31:59,542 - INFO - Episode 278 - Score: 0.3000000000000007, Steps: 50
2025-08-28 19:32:01,757 - INFO - Episode 279 - Score: 1.5999999999999996, Steps: 51
2025-08-28 19:32:04,425 - INFO - Episode 280 - Score: 1.799999999999999, Steps: 62
2025-08-28 19:32:04,575 - INFO - Model saved at episode 280
2025-08-28 19:32:06,774 - INFO - Episode 281 - Score: -0.8999999999999986, Steps: 50
2025-08-28 19:32:10,507 - INFO - Episode 282 - Score: 1.1000000000000005, Steps: 58
2025-08-28 19:32:15,164 - INFO - Episode 283 - Score: -1.0999999999999992, Steps: 63
2025-08-28 19:32:19,238 - INFO - Episode 284 - Score: -0.29999999999999893, Steps: 50
2025-08-28 19:32:23,088 - INFO - Episode 285 - Score: 0.3000000000000007, Steps: 50
2025-08-28 19:32:26,587 - INFO - Episode 286 - Score: 0.9000000000000004, Steps: 50
2025-08-28 19:32:30,329 - INFO - Episode 287 - Score: -1.3999999999999986, Steps: 51
2025-08-28 19:32:33,910 - INFO - Episode 288 - Score: -0.8999999999999986, Steps: 50
2025-08-28 19:32:37,263 - INFO - Episode 289 - Score: -0.2999999999999985, Steps: 50
2025-08-28 19:32:40,445 - INFO - Episode 290 - Score: -0.2999999999999985, Steps: 50
2025-08-28 19:32:40,721 - INFO - Model saved at episode 290
2025-08-28 19:32:44,883 - INFO - Episode 291 - Score: -1.000000000000001, Steps: 64
2025-08-28 19:32:53,226 - INFO - Episode 292 - Score: -4.600000000000001, Steps: 133
2025-08-28 19:32:57,848 - INFO - Episode 293 - Score: 0.7999999999999985, Steps: 70
2025-08-28 19:33:01,184 - INFO - Episode 294 - Score: 1.5, Steps: 50
2025-08-28 19:33:06,784 - INFO - Episode 295 - Score: -3.3000000000000007, Steps: 104
2025-08-28 19:33:11,089 - INFO - Episode 296 - Score: -3.199999999999999, Steps: 96
2025-08-28 19:33:22,133 - INFO - Episode 297 - Score: -4.499999999999999, Steps: 215
2025-08-28 19:33:26,728 - INFO - Episode 298 - Score: 1.1000000000000005, Steps: 58
2025-08-28 19:33:33,968 - INFO - Episode 299 - Score: -5.700000000000001, Steps: 122
2025-08-28 19:33:45,488 - INFO - Episode 300 - Score: -9.400000000000006, Steps: 199
2025-08-28 19:33:45,699 - INFO - Model saved at episode 300
2025-08-28 19:33:49,545 - INFO - Episode 301 - Score: -5.551115123125783e-16, Steps: 68
2025-08-28 19:33:55,618 - INFO - Episode 302 - Score: -3.0999999999999988, Steps: 100
2025-08-28 19:34:05,640 - INFO - Episode 303 - Score: -1.5000000000000013, Steps: 173
2025-08-28 19:34:09,053 - INFO - Episode 304 - Score: -0.6999999999999984, Steps: 58
2025-08-28 19:34:12,853 - INFO - Episode 305 - Score: -0.9999999999999998, Steps: 64
2025-08-28 19:34:16,740 - INFO - Episode 306 - Score: -1.5000000000000013, Steps: 65
2025-08-28 19:34:20,062 - INFO - Episode 307 - Score: -2.1999999999999984, Steps: 55
2025-08-28 19:34:23,197 - INFO - Episode 308 - Score: -0.10000000000000153, Steps: 67
2025-08-28 19:34:26,057 - INFO - Episode 309 - Score: 1.399999999999999, Steps: 64
2025-08-28 19:34:30,219 - INFO - Episode 310 - Score: 0.29999999999999716, Steps: 98
2025-08-28 19:34:30,368 - INFO - Model saved at episode 310
2025-08-28 19:34:36,105 - INFO - Episode 311 - Score: -1.7999999999999965, Steps: 134
2025-08-28 19:34:46,030 - INFO - Episode 312 - Score: -3.7, Steps: 235
2025-08-28 19:34:48,976 - INFO - Episode 313 - Score: 1.7999999999999972, Steps: 68
2025-08-28 19:34:51,960 - INFO - Episode 314 - Score: 1.1, Steps: 67
2025-08-28 19:34:55,065 - INFO - Episode 315 - Score: 0.5999999999999988, Steps: 68
2025-08-28 19:34:59,542 - INFO - Episode 316 - Score: -0.8000000000000005, Steps: 105
2025-08-28 19:35:02,351 - INFO - Episode 317 - Score: -2.3999999999999986, Steps: 62
2025-08-28 19:35:04,679 - INFO - Episode 318 - Score: -9.299999999999999, Steps: 50
2025-08-28 19:35:06,958 - INFO - Episode 319 - Score: -9.299999999999999, Steps: 50
2025-08-28 19:35:09,157 - INFO - Episode 320 - Score: -9.299999999999999, Steps: 50
2025-08-28 19:35:09,316 - INFO - Model saved at episode 320
2025-08-28 19:35:11,407 - INFO - Episode 321 - Score: -9.299999999999999, Steps: 50
2025-08-28 19:35:14,126 - INFO - Episode 322 - Score: -0.6999999999999984, Steps: 58
2025-08-28 19:35:16,485 - INFO - Episode 323 - Score: 1.0999999999999996, Steps: 52
2025-08-28 19:35:21,065 - INFO - Episode 324 - Score: 2.7999999999999914, Steps: 105
2025-08-28 19:35:25,155 - INFO - Episode 325 - Score: 2.299999999999999, Steps: 91
2025-08-28 19:35:29,190 - INFO - Episode 326 - Score: 0.19999999999999885, Steps: 94
2025-08-28 19:35:32,155 - INFO - Episode 327 - Score: 1.1, Steps: 67
2025-08-28 19:35:35,284 - INFO - Episode 328 - Score: 2.499999999999998, Steps: 69
2025-08-28 19:35:40,525 - INFO - Episode 329 - Score: 3.8999999999999844, Steps: 122
2025-08-28 19:35:53,256 - INFO - Episode 330 - Score: 8.99999999999995, Steps: 296
2025-08-28 19:35:53,423 - INFO - Model saved at episode 330
2025-08-28 19:35:55,670 - INFO - Episode 331 - Score: -0.29999999999999893, Steps: 50
2025-08-28 19:35:59,576 - INFO - Episode 332 - Score: 4.099999999999989, Steps: 91
2025-08-28 19:36:03,347 - INFO - Episode 333 - Score: 0.5999999999999925, Steps: 86
2025-08-28 19:36:05,714 - INFO - Episode 334 - Score: 0.9000000000000004, Steps: 50
2025-08-28 19:36:08,126 - INFO - Episode 335 - Score: 2.4999999999999982, Steps: 54
2025-08-28 19:36:10,335 - INFO - Episode 336 - Score: -0.8999999999999986, Steps: 50
2025-08-28 19:36:12,678 - INFO - Episode 337 - Score: 2.799999999999999, Steps: 51
2025-08-28 19:36:15,122 - INFO - Episode 338 - Score: 2.8999999999999986, Steps: 52
2025-08-28 19:36:17,476 - INFO - Episode 339 - Score: 0.9000000000000004, Steps: 50
2025-08-28 19:36:19,650 - INFO - Episode 340 - Score: 0.9000000000000004, Steps: 50
2025-08-28 19:36:19,803 - INFO - Model saved at episode 340
2025-08-28 19:36:21,905 - INFO - Episode 341 - Score: -0.8999999999999986, Steps: 50
2025-08-28 19:36:24,338 - INFO - Episode 342 - Score: -0.8999999999999986, Steps: 50
2025-08-28 19:36:26,876 - INFO - Episode 343 - Score: -0.8999999999999986, Steps: 50
2025-08-28 19:36:29,225 - INFO - Episode 344 - Score: 0.9000000000000004, Steps: 50
2025-08-28 19:36:32,436 - INFO - Episode 345 - Score: -0.09999999999999831, Steps: 52
2025-08-28 19:36:36,272 - INFO - Episode 346 - Score: 1.6000000000000019, Steps: 51
2025-08-28 19:36:40,072 - INFO - Episode 347 - Score: 1.5, Steps: 50
2025-08-28 19:36:48,748 - INFO - Episode 348 - Score: 1.3999999999999861, Steps: 127
2025-08-28 19:36:57,167 - INFO - Episode 349 - Score: 2.6999999999999877, Steps: 122
2025-08-28 19:37:00,132 - INFO - Episode 350 - Score: 3.4999999999999964, Steps: 67
2025-08-28 19:37:00,287 - INFO - Model saved at episode 350
2025-08-28 19:37:06,278 - INFO - Episode 351 - Score: 4.999999999999975, Steps: 136
2025-08-28 19:37:10,034 - INFO - Episode 352 - Score: 3.0999999999999943, Steps: 87
2025-08-28 19:37:12,951 - INFO - Episode 353 - Score: -0.3999999999999997, Steps: 64
2025-08-28 19:37:15,460 - INFO - Episode 354 - Score: 0.3000000000000007, Steps: 50
2025-08-28 19:37:17,859 - INFO - Episode 355 - Score: -4.499999999999998, Steps: 50
2025-08-28 19:37:20,245 - INFO - Episode 356 - Score: -5.699999999999999, Steps: 50
2025-08-28 19:37:22,807 - INFO - Episode 357 - Score: -9.299999999999999, Steps: 50
2025-08-28 19:37:25,385 - INFO - Episode 358 - Score: -8.099999999999998, Steps: 50
2025-08-28 19:37:28,076 - INFO - Episode 359 - Score: -0.8999999999999986, Steps: 50
2025-08-28 19:37:32,141 - INFO - Episode 360 - Score: -0.8999999999999986, Steps: 50
2025-08-28 19:37:32,407 - INFO - Model saved at episode 360
2025-08-28 19:37:36,458 - INFO - Episode 361 - Score: -0.8999999999999986, Steps: 50
2025-08-28 19:37:39,720 - INFO - Episode 362 - Score: -0.8999999999999986, Steps: 50
2025-08-28 19:37:42,756 - INFO - Episode 363 - Score: 0.3000000000000007, Steps: 50
2025-08-28 19:37:45,918 - INFO - Episode 364 - Score: 2.9999999999999982, Steps: 53
2025-08-28 19:37:48,998 - INFO - Episode 365 - Score: 0.9000000000000004, Steps: 50
2025-08-28 19:37:52,395 - INFO - Episode 366 - Score: 3.1999999999999975, Steps: 55
2025-08-28 19:37:55,396 - INFO - Episode 367 - Score: 0.3000000000000007, Steps: 50
2025-08-28 19:37:59,170 - INFO - Episode 368 - Score: 2.599999999999998, Steps: 55
2025-08-28 19:38:02,222 - INFO - Episode 369 - Score: 2.6999999999999993, Steps: 50
2025-08-28 19:38:04,615 - INFO - Episode 370 - Score: 2.8999999999999986, Steps: 52
2025-08-28 19:38:04,795 - INFO - Model saved at episode 370
2025-08-28 19:38:06,870 - INFO - Episode 371 - Score: 0.3000000000000007, Steps: 50
2025-08-28 19:38:09,036 - INFO - Episode 372 - Score: -0.8999999999999986, Steps: 50
2025-08-28 19:38:11,185 - INFO - Episode 373 - Score: -0.8999999999999986, Steps: 50
2025-08-28 19:38:13,342 - INFO - Episode 374 - Score: -0.8999999999999986, Steps: 50
2025-08-28 19:38:15,491 - INFO - Episode 375 - Score: -0.8999999999999986, Steps: 50
2025-08-28 19:38:17,655 - INFO - Episode 376 - Score: -8.099999999999998, Steps: 50
2025-08-28 19:38:19,793 - INFO - Episode 377 - Score: -0.8999999999999986, Steps: 50
2025-08-28 19:38:21,981 - INFO - Episode 378 - Score: -6.899999999999999, Steps: 50
2025-08-28 19:38:24,145 - INFO - Episode 379 - Score: 0.9000000000000004, Steps: 50
2025-08-28 19:38:26,555 - INFO - Episode 380 - Score: 2.599999999999998, Steps: 55
2025-08-28 19:38:26,707 - INFO - Model saved at episode 380
2025-08-28 19:38:28,753 - INFO - Episode 381 - Score: 0.9000000000000004, Steps: 50
2025-08-28 19:38:31,052 - INFO - Episode 382 - Score: 2.4999999999999982, Steps: 54
2025-08-28 19:38:33,493 - INFO - Episode 383 - Score: 3.1999999999999975, Steps: 55
2025-08-28 19:38:36,172 - INFO - Episode 384 - Score: 1.7999999999999972, Steps: 59
2025-08-28 19:38:38,457 - INFO - Episode 385 - Score: 0.9000000000000004, Steps: 50
2025-08-28 19:38:40,704 - INFO - Episode 386 - Score: -0.8999999999999986, Steps: 50
2025-08-28 19:38:42,879 - INFO - Episode 387 - Score: -0.8999999999999986, Steps: 50
2025-08-28 19:38:45,084 - INFO - Episode 388 - Score: -0.8999999999999986, Steps: 50
2025-08-28 19:38:47,407 - INFO - Episode 389 - Score: 2.799999999999999, Steps: 51
2025-08-28 19:38:50,277 - INFO - Episode 390 - Score: 1.199999999999998, Steps: 68
2025-08-28 19:38:50,426 - INFO - Model saved at episode 390
2025-08-28 19:38:52,474 - INFO - Episode 391 - Score: -0.8999999999999986, Steps: 50
2025-08-28 19:38:54,681 - INFO - Episode 392 - Score: -0.8999999999999986, Steps: 50
2025-08-28 19:38:56,996 - INFO - Episode 393 - Score: 2.9999999999999982, Steps: 53
2025-08-28 19:38:59,286 - INFO - Episode 394 - Score: 1.200000000000002, Steps: 53
2025-08-28 19:39:01,468 - INFO - Episode 395 - Score: -0.29999999999999893, Steps: 50
2025-08-28 19:39:03,645 - INFO - Episode 396 - Score: -0.8999999999999986, Steps: 50
2025-08-28 19:39:05,811 - INFO - Episode 397 - Score: -0.8999999999999986, Steps: 50
2025-08-28 19:39:08,053 - INFO - Episode 398 - Score: -0.8999999999999986, Steps: 50
2025-08-28 19:39:10,536 - INFO - Episode 399 - Score: 2.1999999999999975, Steps: 57
2025-08-28 19:39:13,488 - INFO - Episode 400 - Score: 1.2000000000000002, Steps: 68
2025-08-28 19:39:13,636 - INFO - Model saved at episode 400
2025-08-28 19:39:15,732 - INFO - Episode 401 - Score: -0.8999999999999986, Steps: 50
2025-08-28 19:39:23,984 - INFO - Episode 402 - Score: 4.999999999999957, Steps: 199
2025-08-28 19:39:26,141 - INFO - Episode 403 - Score: -0.8999999999999986, Steps: 50
2025-08-28 19:39:28,303 - INFO - Episode 404 - Score: 2.0999999999999996, Steps: 50
2025-08-28 19:39:32,036 - INFO - Episode 405 - Score: 1.1999999999999922, Steps: 86
2025-08-28 19:39:34,208 - INFO - Episode 406 - Score: -4.499999999999998, Steps: 50
2025-08-28 19:39:36,311 - INFO - Episode 407 - Score: 1.5000000000000018, Steps: 50
2025-08-28 19:39:38,435 - INFO - Episode 408 - Score: -9.299999999999999, Steps: 50
2025-08-28 19:39:40,574 - INFO - Episode 409 - Score: -9.299999999999999, Steps: 50
2025-08-28 19:39:42,674 - INFO - Episode 410 - Score: -9.299999999999999, Steps: 50
2025-08-28 19:39:42,820 - INFO - Model saved at episode 410
2025-08-28 19:39:44,763 - INFO - Episode 411 - Score: 1.5000000000000018, Steps: 50
2025-08-28 19:39:47,434 - INFO - Episode 412 - Score: 0.800000000000002, Steps: 64
2025-08-28 19:39:51,714 - INFO - Episode 413 - Score: 2.799999999999994, Steps: 105
2025-08-28 19:39:55,181 - INFO - Episode 414 - Score: 0.5999999999999943, Steps: 86
2025-08-28 19:40:04,994 - INFO - Episode 415 - Score: 11.79999999999994, Steps: 249
2025-08-28 19:40:12,288 - INFO - Episode 416 - Score: 5.199999999999962, Steps: 183
2025-08-28 19:40:15,812 - INFO - Episode 417 - Score: 2.9999999999999947, Steps: 86
2025-08-28 19:40:20,711 - INFO - Episode 418 - Score: 5.099999999999984, Steps: 122
2025-08-28 19:40:22,905 - INFO - Episode 419 - Score: 1.5, Steps: 50
2025-08-28 19:40:27,097 - INFO - Episode 420 - Score: 7.599999999999984, Steps: 105
2025-08-28 19:40:27,245 - INFO - Model saved at episode 420
2025-08-28 19:40:29,963 - INFO - Episode 421 - Score: 1.8999999999999986, Steps: 69
2025-08-28 19:40:35,407 - INFO - Episode 422 - Score: 4.3999999999999835, Steps: 136
2025-08-28 19:40:38,246 - INFO - Episode 423 - Score: 2.499999999999997, Steps: 69
2025-08-28 19:40:40,161 - INFO - Episode 424 - Score: 1.6000000000000014, Steps: 45
2025-08-28 19:40:42,258 - INFO - Episode 425 - Score: -0.8999999999999986, Steps: 50
2025-08-28 19:40:44,377 - INFO - Episode 426 - Score: -0.8999999999999986, Steps: 50
2025-08-28 19:40:48,440 - INFO - Episode 427 - Score: 5.999999999999988, Steps: 101
2025-08-28 19:40:50,545 - INFO - Episode 428 - Score: -0.8999999999999986, Steps: 50
2025-08-28 19:40:53,073 - INFO - Episode 429 - Score: -0.4999999999999991, Steps: 60
2025-08-28 19:40:55,184 - INFO - Episode 430 - Score: -9.299999999999999, Steps: 50
2025-08-28 19:40:55,333 - INFO - Model saved at episode 430
2025-08-28 19:40:57,308 - INFO - Episode 431 - Score: -9.299999999999999, Steps: 50
2025-08-28 19:40:59,416 - INFO - Episode 432 - Score: -9.299999999999999, Steps: 50
2025-08-28 19:41:01,513 - INFO - Episode 433 - Score: -9.299999999999999, Steps: 50
2025-08-28 19:41:03,615 - INFO - Episode 434 - Score: -9.299999999999999, Steps: 50
2025-08-28 19:41:06,089 - INFO - Episode 435 - Score: -0.4999999999999991, Steps: 60
2025-08-28 19:41:11,491 - INFO - Episode 436 - Score: 3.699999999999984, Steps: 135
2025-08-28 19:41:19,888 - INFO - Episode 437 - Score: -1.2000000000000077, Steps: 209
2025-08-28 19:41:22,792 - INFO - Episode 438 - Score: 1.9999999999999973, Steps: 70
2025-08-28 19:41:25,245 - INFO - Episode 439 - Score: 1.7999999999999972, Steps: 59
2025-08-28 19:41:29,104 - INFO - Episode 440 - Score: -0.30000000000000426, Steps: 95
2025-08-28 19:41:29,254 - INFO - Model saved at episode 440
2025-08-28 19:41:33,168 - INFO - Episode 441 - Score: 2.1999999999999993, Steps: 99
2025-08-28 19:41:35,281 - INFO - Episode 442 - Score: -5.699999999999998, Steps: 50
2025-08-28 19:41:37,395 - INFO - Episode 443 - Score: -9.299999999999999, Steps: 50
2025-08-28 19:41:39,498 - INFO - Episode 444 - Score: -9.299999999999999, Steps: 50
2025-08-28 19:41:41,603 - INFO - Episode 445 - Score: -9.299999999999999, Steps: 50
2025-08-28 19:41:43,733 - INFO - Episode 446 - Score: -9.299999999999999, Steps: 50
2025-08-28 19:41:45,866 - INFO - Episode 447 - Score: -9.299999999999999, Steps: 50
2025-08-28 19:41:47,965 - INFO - Episode 448 - Score: -0.8999999999999986, Steps: 50
2025-08-28 19:41:50,547 - INFO - Episode 449 - Score: -0.6000000000000003, Steps: 62
2025-08-28 19:41:53,179 - INFO - Episode 450 - Score: 0.7999999999999972, Steps: 64
2025-08-28 19:41:53,322 - INFO - Model saved at episode 450
2025-08-28 19:41:55,576 - INFO - Episode 451 - Score: 2.299999999999997, Steps: 58
2025-08-28 19:41:57,667 - INFO - Episode 452 - Score: -0.8999999999999986, Steps: 50
2025-08-28 19:42:01,444 - INFO - Episode 453 - Score: 1.6999999999999993, Steps: 91
2025-08-28 19:42:05,153 - INFO - Episode 454 - Score: 0.5000000000000004, Steps: 91
2025-08-28 19:42:07,782 - INFO - Episode 455 - Score: 1.2999999999999998, Steps: 63
2025-08-28 19:42:10,221 - INFO - Episode 456 - Score: 0.4000000000000017, Steps: 57
2025-08-28 19:42:12,314 - INFO - Episode 457 - Score: -0.8999999999999986, Steps: 50
2025-08-28 19:42:14,923 - INFO - Episode 458 - Score: -1.6999999999999986, Steps: 63
2025-08-28 19:42:18,882 - INFO - Episode 459 - Score: 0.9000000000000004, Steps: 98
2025-08-28 19:42:21,526 - INFO - Episode 460 - Score: 1.9000000000000012, Steps: 63
2025-08-28 19:42:21,674 - INFO - Model saved at episode 460
2025-08-28 19:42:24,163 - INFO - Episode 461 - Score: 1.2999999999999998, Steps: 63
2025-08-28 19:42:26,892 - INFO - Episode 462 - Score: 3.400000000000002, Steps: 66
2025-08-28 19:42:31,286 - INFO - Episode 463 - Score: 0.49999999999999467, Steps: 100
2025-08-28 19:42:34,321 - INFO - Episode 464 - Score: 2.2000000000000024, Steps: 66
2025-08-28 19:42:38,761 - INFO - Episode 465 - Score: 4.699999999999987, Steps: 100
2025-08-28 19:42:41,577 - INFO - Episode 466 - Score: 1.5000000000000027, Steps: 65
2025-08-28 19:42:44,314 - INFO - Episode 467 - Score: 3.099999999999996, Steps: 63
2025-08-28 19:42:48,978 - INFO - Episode 468 - Score: 1.600000000000001, Steps: 105
2025-08-28 19:42:51,777 - INFO - Episode 469 - Score: 2.0999999999999996, Steps: 65
2025-08-28 19:42:54,014 - INFO - Episode 470 - Score: 1.0, Steps: 51
2025-08-28 19:42:54,165 - INFO - Model saved at episode 470
2025-08-28 19:42:56,374 - INFO - Episode 471 - Score: 1.0000000000000018, Steps: 51
2025-08-28 19:42:58,741 - INFO - Episode 472 - Score: 1.1000000000000019, Steps: 52
2025-08-28 19:43:01,085 - INFO - Episode 473 - Score: 2.299999999999999, Steps: 52
2025-08-28 19:43:03,424 - INFO - Episode 474 - Score: 2.3999999999999986, Steps: 53
2025-08-28 19:43:05,813 - INFO - Episode 475 - Score: -0.8999999999999986, Steps: 50
2025-08-28 19:43:08,751 - INFO - Episode 476 - Score: -2.0999999999999996, Steps: 65
2025-08-28 19:43:13,187 - INFO - Episode 477 - Score: 7.499999999999984, Steps: 104
2025-08-28 19:43:16,163 - INFO - Episode 478 - Score: 5.199999999999996, Steps: 66
2025-08-28 19:43:22,000 - INFO - Episode 479 - Score: 8.699999999999973, Steps: 137
2025-08-28 19:43:24,205 - INFO - Episode 480 - Score: 0.3000000000000007, Steps: 50
2025-08-28 19:43:24,366 - INFO - Model saved at episode 480
2025-08-28 19:43:27,333 - INFO - Episode 481 - Score: 4.899999999999997, Steps: 69
2025-08-28 19:43:30,237 - INFO - Episode 482 - Score: 4.5, Steps: 65
2025-08-28 19:43:33,221 - INFO - Episode 483 - Score: 4.899999999999997, Steps: 69
2025-08-28 19:43:36,211 - INFO - Episode 484 - Score: 4.599999999999999, Steps: 66
2025-08-28 19:43:38,506 - INFO - Episode 485 - Score: -4.499999999999998, Steps: 50
2025-08-28 19:43:40,741 - INFO - Episode 486 - Score: -6.299999999999999, Steps: 50
2025-08-28 19:43:42,943 - INFO - Episode 487 - Score: -9.299999999999999, Steps: 50
2025-08-28 19:43:45,187 - INFO - Episode 488 - Score: -9.299999999999999, Steps: 50
2025-08-28 19:43:47,502 - INFO - Episode 489 - Score: -9.299999999999999, Steps: 50
2025-08-28 19:43:49,749 - INFO - Episode 490 - Score: -9.299999999999999, Steps: 50
2025-08-28 19:43:49,901 - INFO - Model saved at episode 490
2025-08-28 19:43:51,936 - INFO - Episode 491 - Score: -9.299999999999999, Steps: 50
2025-08-28 19:43:54,118 - INFO - Episode 492 - Score: -9.299999999999999, Steps: 50
2025-08-28 19:43:56,444 - INFO - Episode 493 - Score: -2.699999999999998, Steps: 50
2025-08-28 19:43:59,414 - INFO - Episode 494 - Score: 4.499999999999995, Steps: 65
2025-08-28 19:44:03,831 - INFO - Episode 495 - Score: 6.299999999999983, Steps: 104
2025-08-28 19:44:08,401 - INFO - Episode 496 - Score: 3.2999999999999954, Steps: 104
2025-08-28 19:44:11,274 - INFO - Episode 497 - Score: 4.599999999999999, Steps: 66
2025-08-28 19:44:14,224 - INFO - Episode 498 - Score: 5.999999999999993, Steps: 68
2025-08-28 19:44:17,217 - INFO - Episode 499 - Score: 5.199999999999996, Steps: 66
2025-08-28 19:44:20,082 - INFO - Episode 500 - Score: 1.399999999999999, Steps: 64
2025-08-28 19:44:20,241 - INFO - Model saved at episode 500
2025-08-28 19:44:23,093 - INFO - Episode 501 - Score: 1.2999999999999985, Steps: 69
2025-08-28 19:44:30,835 - INFO - Episode 502 - Score: -4.799999999999999, Steps: 179
2025-08-28 19:44:33,011 - INFO - Episode 503 - Score: -9.299999999999999, Steps: 50
2025-08-28 19:44:35,236 - INFO - Episode 504 - Score: -9.299999999999999, Steps: 50
2025-08-28 19:44:37,578 - INFO - Episode 505 - Score: -0.1999999999999984, Steps: 51
2025-08-28 19:44:39,844 - INFO - Episode 506 - Score: -0.8999999999999986, Steps: 50
2025-08-28 19:44:42,032 - INFO - Episode 507 - Score: -0.8999999999999986, Steps: 50
2025-08-28 19:44:44,565 - INFO - Episode 508 - Score: -1.2999999999999992, Steps: 58
2025-08-28 19:44:46,882 - INFO - Episode 509 - Score: -0.8999999999999986, Steps: 50
2025-08-28 19:44:49,210 - INFO - Episode 510 - Score: -0.8999999999999986, Steps: 50
2025-08-28 19:44:49,367 - INFO - Model saved at episode 510
2025-08-28 19:44:53,216 - INFO - Episode 511 - Score: 0.20000000000000018, Steps: 94
2025-08-28 19:44:55,797 - INFO - Episode 512 - Score: 1.6999999999999975, Steps: 58
2025-08-28 19:44:59,882 - INFO - Episode 513 - Score: -0.8000000000000007, Steps: 90
2025-08-28 19:45:02,056 - INFO - Episode 514 - Score: -0.29999999999999893, Steps: 50
2025-08-28 19:45:06,122 - INFO - Episode 515 - Score: -2.6999999999999975, Steps: 95
2025-08-28 19:45:08,867 - INFO - Episode 516 - Score: -0.4999999999999991, Steps: 60
2025-08-28 19:45:11,102 - INFO - Episode 517 - Score: -0.8999999999999986, Steps: 50
2025-08-28 19:45:13,612 - INFO - Episode 518 - Score: 2.299999999999997, Steps: 58
2025-08-28 19:45:15,828 - INFO - Episode 519 - Score: 1.5, Steps: 50
2025-08-28 19:45:20,206 - INFO - Episode 520 - Score: -1.3999999999999977, Steps: 99
2025-08-28 19:45:20,357 - INFO - Model saved at episode 520
2025-08-28 19:45:22,823 - INFO - Episode 521 - Score: -0.4999999999999991, Steps: 60
2025-08-28 19:45:25,447 - INFO - Episode 522 - Score: 1.8999999999999968, Steps: 60
2025-08-28 19:45:27,783 - INFO - Episode 523 - Score: -0.8999999999999986, Steps: 50
2025-08-28 19:45:30,755 - INFO - Episode 524 - Score: 4.599999999999996, Steps: 66
2025-08-28 19:45:34,449 - INFO - Episode 525 - Score: -0.5999999999999988, Steps: 86
2025-08-28 19:45:36,750 - INFO - Episode 526 - Score: -0.29999999999999893, Steps: 50
2025-08-28 19:45:39,074 - INFO - Episode 527 - Score: -0.8999999999999986, Steps: 50
2025-08-28 19:45:41,327 - INFO - Episode 528 - Score: -0.8999999999999986, Steps: 50
2025-08-28 19:45:43,521 - INFO - Episode 529 - Score: -0.8999999999999986, Steps: 50
2025-08-28 19:45:45,755 - INFO - Episode 530 - Score: -5.699999999999999, Steps: 50
2025-08-28 19:45:45,915 - INFO - Model saved at episode 530
2025-08-28 19:45:48,064 - INFO - Episode 531 - Score: -0.8999999999999986, Steps: 50
2025-08-28 19:45:50,367 - INFO - Episode 532 - Score: 2.0999999999999996, Steps: 50
2025-08-28 19:45:54,000 - INFO - Episode 533 - Score: -0.6000000000000019, Steps: 86
2025-08-28 19:45:56,521 - INFO - Episode 534 - Score: 2.599999999999998, Steps: 55
2025-08-28 19:45:59,184 - INFO - Episode 535 - Score: -1.699999999999998, Steps: 60
2025-08-28 19:46:06,245 - INFO - Episode 536 - Score: 1.500000000000003, Steps: 167
2025-08-28 19:46:10,650 - INFO - Episode 537 - Score: 2.299999999999991, Steps: 97
2025-08-28 19:46:13,603 - INFO - Episode 538 - Score: 1.7999999999999985, Steps: 68
2025-08-28 19:46:20,685 - INFO - Episode 539 - Score: 3.4999999999999805, Steps: 163
2025-08-28 19:46:25,175 - INFO - Episode 540 - Score: 1.6000000000000005, Steps: 105
2025-08-28 19:46:25,330 - INFO - Model saved at episode 540
2025-08-28 19:46:29,029 - INFO - Episode 541 - Score: 0.5999999999999961, Steps: 86
2025-08-28 19:46:31,881 - INFO - Episode 542 - Score: -1.5000000000000013, Steps: 65
2025-08-28 19:46:34,090 - INFO - Episode 543 - Score: 1.5, Steps: 50
2025-08-28 19:46:36,556 - INFO - Episode 544 - Score: 2.299999999999999, Steps: 52
2025-08-28 19:46:38,949 - INFO - Episode 545 - Score: -0.8999999999999986, Steps: 50
2025-08-28 19:46:41,467 - INFO - Episode 546 - Score: -0.8999999999999986, Steps: 50
2025-08-28 19:46:43,947 - INFO - Episode 547 - Score: -0.8999999999999986, Steps: 50
2025-08-28 19:46:46,347 - INFO - Episode 548 - Score: -0.8999999999999986, Steps: 50
2025-08-28 19:46:48,806 - INFO - Episode 549 - Score: -0.8999999999999986, Steps: 50
2025-08-28 19:46:51,235 - INFO - Episode 550 - Score: -0.8999999999999986, Steps: 50
2025-08-28 19:46:51,410 - INFO - Model saved at episode 550
2025-08-28 19:46:53,556 - INFO - Episode 551 - Score: -0.8999999999999986, Steps: 50
2025-08-28 19:46:55,896 - INFO - Episode 552 - Score: 2.6999999999999993, Steps: 50
2025-08-28 19:46:58,274 - INFO - Episode 553 - Score: 1.5, Steps: 50
2025-08-28 19:47:00,716 - INFO - Episode 554 - Score: -0.8999999999999986, Steps: 50
2025-08-28 19:47:02,993 - INFO - Episode 555 - Score: 0.3000000000000007, Steps: 50
2025-08-28 19:47:05,452 - INFO - Episode 556 - Score: 2.599999999999998, Steps: 55
2025-08-28 19:47:07,827 - INFO - Episode 557 - Score: -0.29999999999999893, Steps: 50
2025-08-28 19:47:10,481 - INFO - Episode 558 - Score: 2.4999999999999982, Steps: 54
2025-08-28 19:47:12,759 - INFO - Episode 559 - Score: 2.799999999999999, Steps: 51
2025-08-28 19:47:15,176 - INFO - Episode 560 - Score: 3.1999999999999975, Steps: 55
2025-08-28 19:47:15,326 - INFO - Model saved at episode 560
2025-08-28 19:47:18,438 - INFO - Episode 561 - Score: 1.3999999999999981, Steps: 70
2025-08-28 19:47:21,029 - INFO - Episode 562 - Score: 2.9999999999999982, Steps: 53
2025-08-28 19:47:23,340 - INFO - Episode 563 - Score: 0.3000000000000007, Steps: 50
2025-08-28 19:47:25,677 - INFO - Episode 564 - Score: 2.8999999999999986, Steps: 52
2025-08-28 19:47:28,415 - INFO - Episode 565 - Score: 2.599999999999998, Steps: 55
2025-08-28 19:47:30,814 - INFO - Episode 566 - Score: -0.29999999999999893, Steps: 50
2025-08-28 19:47:33,104 - INFO - Episode 567 - Score: 0.3000000000000007, Steps: 50
2025-08-28 19:47:35,400 - INFO - Episode 568 - Score: 0.3000000000000007, Steps: 50
2025-08-28 19:47:37,846 - INFO - Episode 569 - Score: 0.9000000000000004, Steps: 50
2025-08-28 19:47:40,358 - INFO - Episode 570 - Score: 2.0999999999999996, Steps: 50
2025-08-28 19:47:40,517 - INFO - Model saved at episode 570
2025-08-28 19:47:42,717 - INFO - Episode 571 - Score: -0.8999999999999986, Steps: 50
2025-08-28 19:47:44,952 - INFO - Episode 572 - Score: -0.8999999999999986, Steps: 50
2025-08-28 19:47:47,296 - INFO - Episode 573 - Score: -0.8999999999999986, Steps: 50
2025-08-28 19:47:49,696 - INFO - Episode 574 - Score: -0.8999999999999986, Steps: 50
2025-08-28 19:47:52,073 - INFO - Episode 575 - Score: -0.8999999999999986, Steps: 50
2025-08-28 19:47:54,392 - INFO - Episode 576 - Score: -8.099999999999998, Steps: 50
2025-08-28 19:47:56,758 - INFO - Episode 577 - Score: -0.8999999999999986, Steps: 50
2025-08-28 19:47:59,244 - INFO - Episode 578 - Score: 2.799999999999999, Steps: 51
2025-08-28 19:48:01,812 - INFO - Episode 579 - Score: 0.9000000000000004, Steps: 50
2025-08-28 19:48:04,438 - INFO - Episode 580 - Score: 2.299999999999997, Steps: 58
2025-08-28 19:48:04,593 - INFO - Model saved at episode 580
2025-08-28 19:48:08,745 - INFO - Episode 581 - Score: 0.9000000000000004, Steps: 95
2025-08-28 19:48:14,266 - INFO - Episode 582 - Score: 2.0999999999999863, Steps: 122
2025-08-28 19:48:16,885 - INFO - Episode 583 - Score: 2.299999999999997, Steps: 58
2025-08-28 19:48:19,674 - INFO - Episode 584 - Score: 2.299999999999997, Steps: 58
2025-08-28 19:48:22,341 - INFO - Episode 585 - Score: 3.399999999999997, Steps: 57
2025-08-28 19:48:29,826 - INFO - Episode 586 - Score: 3.399999999999979, Steps: 168
2025-08-28 19:48:32,195 - INFO - Episode 587 - Score: 2.6999999999999993, Steps: 50
2025-08-28 19:48:34,457 - INFO - Episode 588 - Score: -0.29999999999999893, Steps: 50
2025-08-28 19:48:36,929 - INFO - Episode 589 - Score: 3.099999999999998, Steps: 54
2025-08-28 19:48:39,526 - INFO - Episode 590 - Score: 3.099999999999998, Steps: 54
2025-08-28 19:48:39,692 - INFO - Model saved at episode 590
2025-08-28 19:48:45,524 - INFO - Episode 591 - Score: 4.999999999999983, Steps: 136
2025-08-28 19:48:47,965 - INFO - Episode 592 - Score: 2.299999999999999, Steps: 52
2025-08-28 19:48:50,322 - INFO - Episode 593 - Score: -0.8999999999999986, Steps: 50
2025-08-28 19:48:52,687 - INFO - Episode 594 - Score: 2.0999999999999996, Steps: 50
2025-08-28 19:48:54,987 - INFO - Episode 595 - Score: -0.8999999999999986, Steps: 50
2025-08-28 19:48:57,233 - INFO - Episode 596 - Score: -0.8999999999999986, Steps: 50
2025-08-28 19:48:59,621 - INFO - Episode 597 - Score: 1.5, Steps: 50
2025-08-28 19:49:01,981 - INFO - Episode 598 - Score: -0.8999999999999986, Steps: 50
2025-08-28 19:49:04,219 - INFO - Episode 599 - Score: -0.29999999999999893, Steps: 50
2025-08-28 19:49:08,125 - INFO - Episode 600 - Score: 1.1999999999999948, Steps: 86
2025-08-28 19:49:08,276 - INFO - Model saved at episode 600
2025-08-28 19:49:10,873 - INFO - Episode 601 - Score: 3.299999999999997, Steps: 56
2025-08-28 19:49:13,206 - INFO - Episode 602 - Score: 0.9000000000000004, Steps: 50
2025-08-28 19:49:18,665 - INFO - Episode 603 - Score: 4.4999999999999805, Steps: 122
2025-08-28 19:49:21,618 - INFO - Episode 604 - Score: 2.4999999999999964, Steps: 60
2025-08-28 19:49:29,012 - INFO - Episode 605 - Score: -0.10000000000001474, Steps: 163
2025-08-28 19:49:31,521 - INFO - Episode 606 - Score: -0.8999999999999986, Steps: 50
2025-08-28 19:49:33,905 - INFO - Episode 607 - Score: -0.8999999999999986, Steps: 50
2025-08-28 19:49:36,155 - INFO - Episode 608 - Score: -0.29999999999999893, Steps: 50
2025-08-28 19:49:38,594 - INFO - Episode 609 - Score: 0.9000000000000004, Steps: 50
2025-08-28 19:49:41,068 - INFO - Episode 610 - Score: 0.9000000000000004, Steps: 50
2025-08-28 19:49:41,236 - INFO - Model saved at episode 610
2025-08-28 19:49:43,419 - INFO - Episode 611 - Score: -0.8999999999999986, Steps: 50
2025-08-28 19:49:45,695 - INFO - Episode 612 - Score: 0.3000000000000007, Steps: 50
2025-08-28 19:49:48,006 - INFO - Episode 613 - Score: 0.3000000000000007, Steps: 50
2025-08-28 19:49:50,521 - INFO - Episode 614 - Score: 2.9999999999999982, Steps: 53
2025-08-28 19:49:52,820 - INFO - Episode 615 - Score: 2.0999999999999996, Steps: 50
2025-08-28 19:49:57,409 - INFO - Episode 616 - Score: 3.499999999999991, Steps: 106
2025-08-28 19:49:59,901 - INFO - Episode 617 - Score: 2.499999999999999, Steps: 54
2025-08-28 19:50:06,928 - INFO - Episode 618 - Score: 1.6999999999999753, Steps: 163
2025-08-28 19:50:09,694 - INFO - Episode 619 - Score: 3.099999999999996, Steps: 60
2025-08-28 19:50:12,229 - INFO - Episode 620 - Score: 3.099999999999998, Steps: 54
2025-08-28 19:50:12,400 - INFO - Model saved at episode 620
2025-08-28 19:50:16,656 - INFO - Episode 621 - Score: 3.1999999999999913, Steps: 103
2025-08-28 19:50:20,496 - INFO - Episode 622 - Score: 1.799999999999991, Steps: 86
2025-08-28 19:50:26,592 - INFO - Episode 623 - Score: 5.599999999999979, Steps: 142
2025-08-28 19:50:32,013 - INFO - Episode 624 - Score: 2.099999999999989, Steps: 122
2025-08-28 19:50:35,729 - INFO - Episode 625 - Score: 0.5999999999999925, Steps: 86
2025-08-28 19:50:38,052 - INFO - Episode 626 - Score: 0.3000000000000007, Steps: 50
2025-08-28 19:50:40,435 - INFO - Episode 627 - Score: 1.5, Steps: 50
2025-08-28 19:50:42,806 - INFO - Episode 628 - Score: 2.0999999999999996, Steps: 50
2025-08-28 19:50:45,006 - INFO - Episode 629 - Score: -5.699999999999998, Steps: 50
2025-08-28 19:50:47,217 - INFO - Episode 630 - Score: -0.8999999999999986, Steps: 50
2025-08-28 19:50:47,364 - INFO - Model saved at episode 630
2025-08-28 19:50:49,583 - INFO - Episode 631 - Score: 0.9000000000000004, Steps: 50
2025-08-28 19:50:55,162 - INFO - Episode 632 - Score: -0.30000000000000693, Steps: 122
2025-08-28 19:50:58,200 - INFO - Episode 633 - Score: 2.499999999999998, Steps: 69
2025-08-28 19:51:00,842 - INFO - Episode 634 - Score: 3.1999999999999975, Steps: 55
2025-08-28 19:51:05,948 - INFO - Episode 635 - Score: 3.2999999999999883, Steps: 98
2025-08-28 19:51:08,987 - INFO - Episode 636 - Score: -0.8999999999999986, Steps: 50
2025-08-28 19:51:13,914 - INFO - Episode 637 - Score: -0.6000000000000041, Steps: 86
2025-08-28 19:51:17,407 - INFO - Episode 638 - Score: 1.6999999999999984, Steps: 67
2025-08-28 19:51:19,920 - INFO - Episode 639 - Score: 2.6999999999999993, Steps: 50
2025-08-28 19:51:22,364 - INFO - Episode 640 - Score: 0.9000000000000004, Steps: 50
2025-08-28 19:51:22,524 - INFO - Model saved at episode 640
2025-08-28 19:51:24,729 - INFO - Episode 641 - Score: -0.8999999999999986, Steps: 50
2025-08-28 19:51:27,016 - INFO - Episode 642 - Score: -9.299999999999999, Steps: 50
2025-08-28 19:51:29,404 - INFO - Episode 643 - Score: -0.8999999999999986, Steps: 50
2025-08-28 19:51:31,826 - INFO - Episode 644 - Score: -0.8999999999999986, Steps: 50
2025-08-28 19:51:34,209 - INFO - Episode 645 - Score: -0.8999999999999986, Steps: 50
2025-08-28 19:51:36,545 - INFO - Episode 646 - Score: -0.8999999999999986, Steps: 50
2025-08-28 19:51:38,853 - INFO - Episode 647 - Score: -0.8999999999999986, Steps: 50
2025-08-28 19:51:41,527 - INFO - Episode 648 - Score: 2.599999999999998, Steps: 55
2025-08-28 19:51:44,237 - INFO - Episode 649 - Score: 1.1000000000000005, Steps: 58
2025-08-28 19:51:47,228 - INFO - Episode 650 - Score: 2.2999999999999985, Steps: 67
2025-08-28 19:51:47,376 - INFO - Model saved at episode 650
2025-08-28 19:51:49,700 - INFO - Episode 651 - Score: 2.299999999999999, Steps: 52
2025-08-28 19:51:52,389 - INFO - Episode 652 - Score: 0.700000000000002, Steps: 54
2025-08-28 19:51:54,682 - INFO - Episode 653 - Score: 0.3000000000000007, Steps: 50
2025-08-28 19:51:56,966 - INFO - Episode 654 - Score: -0.8999999999999986, Steps: 50
2025-08-28 19:51:59,310 - INFO - Episode 655 - Score: -9.299999999999999, Steps: 50
2025-08-28 19:52:01,777 - INFO - Episode 656 - Score: -0.8999999999999986, Steps: 50
2025-08-28 19:52:04,199 - INFO - Episode 657 - Score: -0.8999999999999986, Steps: 50
2025-08-28 19:52:06,485 - INFO - Episode 658 - Score: 0.3000000000000007, Steps: 50
2025-08-28 19:52:10,574 - INFO - Episode 659 - Score: 2.0999999999999996, Steps: 89
2025-08-28 19:52:14,533 - INFO - Episode 660 - Score: -1.8000000000000012, Steps: 86
2025-08-28 19:52:14,679 - INFO - Model saved at episode 660
2025-08-28 19:52:16,821 - INFO - Episode 661 - Score: -0.8999999999999986, Steps: 50
2025-08-28 19:52:20,014 - INFO - Episode 662 - Score: 1.800000000000002, Steps: 68
2025-08-28 19:52:22,438 - INFO - Episode 663 - Score: 2.0999999999999996, Steps: 50
2025-08-28 19:52:24,914 - INFO - Episode 664 - Score: 2.8999999999999986, Steps: 52
2025-08-28 19:52:27,211 - INFO - Episode 665 - Score: 0.3000000000000007, Steps: 50
2025-08-28 19:52:32,779 - INFO - Episode 666 - Score: -1.5000000000000004, Steps: 122
2025-08-28 19:52:35,129 - INFO - Episode 667 - Score: -0.8999999999999986, Steps: 50
2025-08-28 19:52:37,418 - INFO - Episode 668 - Score: -0.29999999999999893, Steps: 50
2025-08-28 19:52:39,786 - INFO - Episode 669 - Score: 0.9000000000000004, Steps: 50
2025-08-28 19:52:43,152 - INFO - Episode 670 - Score: 2.599999999999998, Steps: 70
2025-08-28 19:52:43,326 - INFO - Model saved at episode 670
2025-08-28 19:52:47,748 - INFO - Episode 671 - Score: -2.8000000000000007, Steps: 103
2025-08-28 19:52:52,528 - INFO - Episode 672 - Score: 0.10000000000000231, Steps: 102
2025-08-28 19:52:55,473 - INFO - Episode 673 - Score: -0.20000000000000073, Steps: 66
2025-08-28 19:52:58,968 - INFO - Episode 674 - Score: 0.20000000000000018, Steps: 64
2025-08-28 19:53:01,458 - INFO - Episode 675 - Score: 0.9000000000000004, Steps: 50
2025-08-28 19:53:03,787 - INFO - Episode 676 - Score: -9.299999999999999, Steps: 50
2025-08-28 19:53:06,052 - INFO - Episode 677 - Score: -0.1999999999999984, Steps: 51
2025-08-28 19:53:08,265 - INFO - Episode 678 - Score: -9.299999999999999, Steps: 50
2025-08-28 19:53:10,644 - INFO - Episode 679 - Score: -9.299999999999999, Steps: 50
2025-08-28 19:53:13,007 - INFO - Episode 680 - Score: -0.8999999999999986, Steps: 50
2025-08-28 19:53:13,168 - INFO - Model saved at episode 680
2025-08-28 19:53:15,254 - INFO - Episode 681 - Score: -7.499999999999998, Steps: 50
2025-08-28 19:53:19,168 - INFO - Episode 682 - Score: 1.6999999999999993, Steps: 91
2025-08-28 19:53:25,095 - INFO - Episode 683 - Score: -4.0000000000000036, Steps: 133
2025-08-28 19:53:27,501 - INFO - Episode 684 - Score: 3.099999999999998, Steps: 54
2025-08-28 19:53:30,127 - INFO - Episode 685 - Score: 1.1000000000000005, Steps: 58
2025-08-28 19:53:33,266 - INFO - Episode 686 - Score: 1.199999999999998, Steps: 68
2025-08-28 19:53:35,622 - INFO - Episode 687 - Score: 2.9999999999999982, Steps: 53
2025-08-28 19:53:37,855 - INFO - Episode 688 - Score: 1.5000000000000018, Steps: 50
2025-08-28 19:53:40,132 - INFO - Episode 689 - Score: -0.8999999999999986, Steps: 50
2025-08-28 19:53:42,446 - INFO - Episode 690 - Score: -9.299999999999999, Steps: 50
2025-08-28 19:53:42,634 - INFO - Model saved at episode 690
2025-08-28 19:53:44,830 - INFO - Episode 691 - Score: -0.8999999999999986, Steps: 50
2025-08-28 19:53:47,045 - INFO - Episode 692 - Score: 1.5000000000000018, Steps: 50
2025-08-28 19:53:49,248 - INFO - Episode 693 - Score: -8.099999999999998, Steps: 50
2025-08-28 19:53:51,658 - INFO - Episode 694 - Score: -0.29999999999999893, Steps: 50
2025-08-28 19:53:55,463 - INFO - Episode 695 - Score: -1.8000000000000012, Steps: 86
2025-08-28 19:53:57,914 - INFO - Episode 696 - Score: 2.1999999999999975, Steps: 57
2025-08-28 19:54:02,540 - INFO - Episode 697 - Score: 1.5999999999999983, Steps: 105
2025-08-28 19:54:05,012 - INFO - Episode 698 - Score: 3.099999999999998, Steps: 54
2025-08-28 19:54:08,044 - INFO - Episode 699 - Score: 2.599999999999998, Steps: 70
2025-08-28 19:54:10,308 - INFO - Episode 700 - Score: -9.299999999999999, Steps: 50
2025-08-28 19:54:10,476 - INFO - Model saved at episode 700
2025-08-28 19:54:12,678 - INFO - Episode 701 - Score: -9.299999999999999, Steps: 50
2025-08-28 19:54:14,965 - INFO - Episode 702 - Score: -8.7, Steps: 50
2025-08-28 19:54:17,179 - INFO - Episode 703 - Score: -9.299999999999999, Steps: 50
2025-08-28 19:54:19,414 - INFO - Episode 704 - Score: 1.5000000000000018, Steps: 50
2025-08-28 19:54:21,752 - INFO - Episode 705 - Score: -0.8999999999999986, Steps: 50
2025-08-28 19:54:24,117 - INFO - Episode 706 - Score: -0.29999999999999893, Steps: 50
2025-08-28 19:54:26,693 - INFO - Episode 707 - Score: 1.6999999999999975, Steps: 58
2025-08-28 19:54:29,107 - INFO - Episode 708 - Score: 3.099999999999998, Steps: 54
2025-08-28 19:54:31,430 - INFO - Episode 709 - Score: -0.29999999999999893, Steps: 50
2025-08-28 19:54:33,756 - INFO - Episode 710 - Score: -0.8999999999999986, Steps: 50
2025-08-28 19:54:33,926 - INFO - Model saved at episode 710
2025-08-28 19:54:36,042 - INFO - Episode 711 - Score: 1.5, Steps: 50
2025-08-28 19:54:38,255 - INFO - Episode 712 - Score: 1.5000000000000018, Steps: 50
2025-08-28 19:54:40,514 - INFO - Episode 713 - Score: -5.699999999999999, Steps: 50
2025-08-28 19:54:42,967 - INFO - Episode 714 - Score: -0.8999999999999986, Steps: 50
2025-08-28 19:54:45,352 - INFO - Episode 715 - Score: -0.8999999999999986, Steps: 50
2025-08-28 19:54:47,699 - INFO - Episode 716 - Score: 2.0999999999999996, Steps: 50
2025-08-28 19:54:49,999 - INFO - Episode 717 - Score: -0.8999999999999986, Steps: 50
2025-08-28 19:54:52,348 - INFO - Episode 718 - Score: 0.3000000000000007, Steps: 50
2025-08-28 19:54:54,693 - INFO - Episode 719 - Score: 0.3000000000000007, Steps: 50
2025-08-28 19:54:57,094 - INFO - Episode 720 - Score: 3.099999999999998, Steps: 54
2025-08-28 19:54:57,252 - INFO - Model saved at episode 720
2025-08-28 19:54:59,324 - INFO - Episode 721 - Score: -0.29999999999999893, Steps: 50
2025-08-28 19:55:01,654 - INFO - Episode 722 - Score: -0.29999999999999893, Steps: 50
2025-08-28 19:55:04,188 - INFO - Episode 723 - Score: 2.3999999999999986, Steps: 53
2025-08-28 19:55:06,437 - INFO - Episode 724 - Score: 0.3000000000000007, Steps: 50
2025-08-28 19:55:08,642 - INFO - Episode 725 - Score: -0.29999999999999893, Steps: 50
2025-08-28 19:55:10,921 - INFO - Episode 726 - Score: -0.8999999999999986, Steps: 50
2025-08-28 19:55:13,256 - INFO - Episode 727 - Score: -0.29999999999999893, Steps: 50
2025-08-28 19:55:15,565 - INFO - Episode 728 - Score: -0.29999999999999893, Steps: 50
2025-08-28 19:55:17,761 - INFO - Episode 729 - Score: 0.9000000000000004, Steps: 50
2025-08-28 19:55:20,030 - INFO - Episode 730 - Score: -0.29999999999999893, Steps: 50
2025-08-28 19:55:20,192 - INFO - Model saved at episode 730
2025-08-28 19:55:22,359 - INFO - Episode 731 - Score: -0.29999999999999893, Steps: 50
2025-08-28 19:55:24,693 - INFO - Episode 732 - Score: 1.5, Steps: 50
2025-08-28 19:55:26,933 - INFO - Episode 733 - Score: 1.5, Steps: 50
2025-08-28 19:55:29,282 - INFO - Episode 734 - Score: 2.9999999999999982, Steps: 53
2025-08-28 19:55:31,619 - INFO - Episode 735 - Score: -0.29999999999999893, Steps: 50
2025-08-28 19:55:33,975 - INFO - Episode 736 - Score: -0.29999999999999893, Steps: 50
2025-08-28 19:55:36,237 - INFO - Episode 737 - Score: -0.29999999999999893, Steps: 50
2025-08-28 19:55:38,425 - INFO - Episode 738 - Score: -0.29999999999999893, Steps: 50
2025-08-28 19:55:40,654 - INFO - Episode 739 - Score: -0.29999999999999893, Steps: 50
2025-08-28 19:55:42,986 - INFO - Episode 740 - Score: -0.8999999999999986, Steps: 50
2025-08-28 19:55:43,153 - INFO - Model saved at episode 740
2025-08-28 19:55:45,354 - INFO - Episode 741 - Score: -0.29999999999999893, Steps: 50
2025-08-28 19:55:47,627 - INFO - Episode 742 - Score: -0.29999999999999893, Steps: 50
2025-08-28 19:55:49,812 - INFO - Episode 743 - Score: -0.8999999999999986, Steps: 50
2025-08-28 19:55:52,162 - INFO - Episode 744 - Score: -0.8999999999999986, Steps: 50
2025-08-28 19:55:54,543 - INFO - Episode 745 - Score: -0.8999999999999986, Steps: 50
2025-08-28 19:55:56,758 - INFO - Episode 746 - Score: -0.29999999999999893, Steps: 50
2025-08-28 19:55:59,134 - INFO - Episode 747 - Score: 3.099999999999998, Steps: 54
2025-08-28 19:56:01,407 - INFO - Episode 748 - Score: -0.8999999999999986, Steps: 50
2025-08-28 19:56:03,797 - INFO - Episode 749 - Score: 2.0999999999999996, Steps: 50
2025-08-28 19:56:06,086 - INFO - Episode 750 - Score: 1.5000000000000018, Steps: 50
2025-08-28 19:56:06,233 - INFO - Model saved at episode 750
2025-08-28 19:56:08,276 - INFO - Episode 751 - Score: 1.5000000000000018, Steps: 50
2025-08-28 19:56:10,476 - INFO - Episode 752 - Score: -8.099999999999998, Steps: 50
2025-08-28 19:56:12,818 - INFO - Episode 753 - Score: -5.699999999999999, Steps: 50
2025-08-28 19:56:15,181 - INFO - Episode 754 - Score: 2.0999999999999996, Steps: 50
2025-08-28 19:56:17,397 - INFO - Episode 755 - Score: -0.8999999999999986, Steps: 50
2025-08-28 19:56:19,623 - INFO - Episode 756 - Score: -0.29999999999999893, Steps: 50
2025-08-28 19:56:21,908 - INFO - Episode 757 - Score: -0.8999999999999986, Steps: 50
2025-08-28 19:56:24,241 - INFO - Episode 758 - Score: -0.8999999999999986, Steps: 50
2025-08-28 19:56:26,526 - INFO - Episode 759 - Score: -0.8999999999999986, Steps: 50
2025-08-28 19:56:28,724 - INFO - Episode 760 - Score: -0.8999999999999986, Steps: 50
2025-08-28 19:56:28,880 - INFO - Model saved at episode 760
2025-08-28 19:56:31,007 - INFO - Episode 761 - Score: -0.29999999999999893, Steps: 50
2025-08-28 19:56:34,909 - INFO - Episode 762 - Score: -0.6000000000000032, Steps: 86
2025-08-28 19:56:37,152 - INFO - Episode 763 - Score: -0.29999999999999893, Steps: 50
2025-08-28 19:56:39,365 - INFO - Episode 764 - Score: -0.29999999999999893, Steps: 50
2025-08-28 19:56:41,689 - INFO - Episode 765 - Score: 1.5, Steps: 50
2025-08-28 19:56:44,101 - INFO - Episode 766 - Score: 1.5, Steps: 50
2025-08-28 19:56:46,379 - INFO - Episode 767 - Score: -0.8999999999999986, Steps: 50
2025-08-28 19:56:48,567 - INFO - Episode 768 - Score: -0.8999999999999986, Steps: 50
2025-08-28 19:56:50,747 - INFO - Episode 769 - Score: -0.8999999999999986, Steps: 50
2025-08-28 19:56:53,061 - INFO - Episode 770 - Score: 1.5, Steps: 50
2025-08-28 19:56:53,223 - INFO - Model saved at episode 770
2025-08-28 19:56:55,408 - INFO - Episode 771 - Score: -0.29999999999999893, Steps: 50
2025-08-28 19:56:57,620 - INFO - Episode 772 - Score: -0.29999999999999893, Steps: 50
2025-08-28 19:56:59,804 - INFO - Episode 773 - Score: 2.6999999999999993, Steps: 50
2025-08-28 19:57:03,713 - INFO - Episode 774 - Score: 1.1999999999999957, Steps: 86
2025-08-28 19:57:06,795 - INFO - Episode 775 - Score: 2.3000000000000025, Steps: 67
2025-08-28 19:57:10,720 - INFO - Episode 776 - Score: 2.899999999999995, Steps: 91
2025-08-28 19:57:13,046 - INFO - Episode 777 - Score: 0.9000000000000004, Steps: 50
2025-08-28 19:57:15,382 - INFO - Episode 778 - Score: -0.8999999999999986, Steps: 50
2025-08-28 19:57:17,586 - INFO - Episode 779 - Score: -0.8999999999999986, Steps: 50
2025-08-28 19:57:19,811 - INFO - Episode 780 - Score: -0.8999999999999986, Steps: 50
2025-08-28 19:57:19,965 - INFO - Model saved at episode 780
2025-08-28 19:57:22,117 - INFO - Episode 781 - Score: 2.6999999999999993, Steps: 50
2025-08-28 19:57:24,481 - INFO - Episode 782 - Score: 2.6999999999999993, Steps: 50
2025-08-28 19:57:26,831 - INFO - Episode 783 - Score: -0.8999999999999986, Steps: 50
2025-08-28 19:57:29,298 - INFO - Episode 784 - Score: -0.29999999999999893, Steps: 50
2025-08-28 19:57:31,697 - INFO - Episode 785 - Score: -0.29999999999999893, Steps: 50
2025-08-28 19:57:34,356 - INFO - Episode 786 - Score: -0.29999999999999893, Steps: 50
2025-08-28 19:57:36,733 - INFO - Episode 787 - Score: 0.3000000000000007, Steps: 50
2025-08-28 19:57:38,986 - INFO - Episode 788 - Score: 0.3000000000000007, Steps: 50
2025-08-28 19:57:41,380 - INFO - Episode 789 - Score: 2.8999999999999986, Steps: 52
2025-08-28 19:57:43,697 - INFO - Episode 790 - Score: -0.29999999999999893, Steps: 50
2025-08-28 19:57:43,857 - INFO - Model saved at episode 790
2025-08-28 19:57:46,019 - INFO - Episode 791 - Score: 1.5, Steps: 50
2025-08-28 19:57:48,198 - INFO - Episode 792 - Score: -0.8999999999999986, Steps: 50
2025-08-28 19:57:50,377 - INFO - Episode 793 - Score: 2.0999999999999996, Steps: 50
2025-08-28 19:57:52,691 - INFO - Episode 794 - Score: 2.0999999999999996, Steps: 50
2025-08-28 19:57:55,038 - INFO - Episode 795 - Score: 2.799999999999999, Steps: 51
2025-08-28 19:57:58,742 - INFO - Episode 796 - Score: -4.1999999999999975, Steps: 86
2025-08-28 19:58:01,751 - INFO - Episode 797 - Score: 2.499999999999998, Steps: 69
2025-08-28 19:58:04,946 - INFO - Episode 798 - Score: 3.1999999999999957, Steps: 70
2025-08-28 19:58:07,202 - INFO - Episode 799 - Score: 0.9000000000000004, Steps: 50
2025-08-28 19:58:14,233 - INFO - Episode 800 - Score: 1.6999999999999709, Steps: 163
2025-08-28 19:58:14,389 - INFO - Model saved at episode 800
2025-08-28 19:58:19,529 - INFO - Episode 801 - Score: -1.5, Steps: 122
2025-08-28 19:58:21,858 - INFO - Episode 802 - Score: 2.299999999999999, Steps: 52
2025-08-28 19:58:24,282 - INFO - Episode 803 - Score: 2.1999999999999993, Steps: 51
2025-08-28 19:58:26,641 - INFO - Episode 804 - Score: 1.5, Steps: 50
2025-08-28 19:58:28,875 - INFO - Episode 805 - Score: 0.9000000000000004, Steps: 50
2025-08-28 19:58:31,095 - INFO - Episode 806 - Score: -0.8999999999999986, Steps: 50
2025-08-28 19:58:33,444 - INFO - Episode 807 - Score: -0.8999999999999986, Steps: 50
2025-08-28 19:58:35,865 - INFO - Episode 808 - Score: -0.8999999999999986, Steps: 50
2025-08-28 19:58:38,111 - INFO - Episode 809 - Score: 0.9000000000000004, Steps: 50
2025-08-28 19:58:40,689 - INFO - Episode 810 - Score: 1.6999999999999975, Steps: 58
2025-08-28 19:58:40,844 - INFO - Model saved at episode 810
2025-08-28 19:58:43,166 - INFO - Episode 811 - Score: 3.099999999999998, Steps: 54
2025-08-28 19:58:47,376 - INFO - Episode 812 - Score: -0.9000000000000039, Steps: 95
2025-08-28 19:58:49,745 - INFO - Episode 813 - Score: 3.099999999999998, Steps: 54
2025-08-28 19:58:51,955 - INFO - Episode 814 - Score: -1.4999999999999978, Steps: 50
2025-08-28 19:58:54,313 - INFO - Episode 815 - Score: -0.29999999999999893, Steps: 50
2025-08-28 19:58:56,648 - INFO - Episode 816 - Score: 0.9000000000000004, Steps: 50
2025-08-28 19:58:58,871 - INFO - Episode 817 - Score: 0.9000000000000004, Steps: 50
2025-08-28 19:59:01,085 - INFO - Episode 818 - Score: 0.9000000000000004, Steps: 50
2025-08-28 19:59:03,383 - INFO - Episode 819 - Score: -0.2999999999999985, Steps: 50
2025-08-28 19:59:05,746 - INFO - Episode 820 - Score: 1.5, Steps: 50
2025-08-28 19:59:05,911 - INFO - Model saved at episode 820
2025-08-28 19:59:08,058 - INFO - Episode 821 - Score: 2.6999999999999993, Steps: 50
2025-08-28 19:59:12,388 - INFO - Episode 822 - Score: 0.4000000000000026, Steps: 99
2025-08-28 19:59:18,269 - INFO - Episode 823 - Score: 3.099999999999987, Steps: 132
2025-08-28 19:59:22,811 - INFO - Episode 824 - Score: 1.5999999999999965, Steps: 105
2025-08-28 19:59:25,182 - INFO - Episode 825 - Score: -0.8999999999999986, Steps: 50
2025-08-28 19:59:29,001 - INFO - Episode 826 - Score: 1.1999999999999904, Steps: 86
2025-08-28 19:59:31,251 - INFO - Episode 827 - Score: -0.8999999999999986, Steps: 50
2025-08-28 19:59:33,811 - INFO - Episode 828 - Score: 2.099999999999998, Steps: 56
2025-08-28 19:59:37,816 - INFO - Episode 829 - Score: 1.8000000000000016, Steps: 86
2025-08-28 19:59:40,155 - INFO - Episode 830 - Score: 1.1000000000000019, Steps: 52
2025-08-28 19:59:40,302 - INFO - Model saved at episode 830
2025-08-28 19:59:42,394 - INFO - Episode 831 - Score: -0.8999999999999986, Steps: 50
2025-08-28 19:59:44,805 - INFO - Episode 832 - Score: -0.8999999999999986, Steps: 50
2025-08-28 19:59:47,512 - INFO - Episode 833 - Score: 2.0000000000000018, Steps: 55
2025-08-28 19:59:49,954 - INFO - Episode 834 - Score: 2.0000000000000018, Steps: 55
2025-08-28 19:59:52,191 - INFO - Episode 835 - Score: -0.8999999999999986, Steps: 50
2025-08-28 19:59:54,548 - INFO - Episode 836 - Score: -0.8999999999999986, Steps: 50
2025-08-28 19:59:57,084 - INFO - Episode 837 - Score: 1.300000000000002, Steps: 54
2025-08-28 19:59:59,510 - INFO - Episode 838 - Score: 1.4000000000000021, Steps: 55
2025-08-28 20:00:01,848 - INFO - Episode 839 - Score: 2.3999999999999986, Steps: 53
2025-08-28 20:00:05,110 - INFO - Episode 840 - Score: 3.1999999999999966, Steps: 70
2025-08-28 20:00:05,275 - INFO - Model saved at episode 840
2025-08-28 20:00:07,640 - INFO - Episode 841 - Score: 1.9000000000000004, Steps: 54
2025-08-28 20:00:09,982 - INFO - Episode 842 - Score: 2.4000000000000004, Steps: 53
2025-08-28 20:00:15,359 - INFO - Episode 843 - Score: -0.3000000000000047, Steps: 122
2025-08-28 20:00:17,718 - INFO - Episode 844 - Score: -0.8999999999999986, Steps: 50
2025-08-28 20:00:20,069 - INFO - Episode 845 - Score: 0.6000000000000019, Steps: 53
2025-08-28 20:00:22,268 - INFO - Episode 846 - Score: 0.3000000000000007, Steps: 50
2025-08-28 20:00:24,643 - INFO - Episode 847 - Score: -0.8999999999999986, Steps: 50
2025-08-28 20:00:27,014 - INFO - Episode 848 - Score: -0.8999999999999986, Steps: 50
2025-08-28 20:00:29,273 - INFO - Episode 849 - Score: -0.8999999999999986, Steps: 50
2025-08-28 20:00:31,488 - INFO - Episode 850 - Score: -0.8999999999999986, Steps: 50
2025-08-28 20:00:31,647 - INFO - Model saved at episode 850
2025-08-28 20:00:33,826 - INFO - Episode 851 - Score: -0.8999999999999986, Steps: 50
2025-08-28 20:00:36,252 - INFO - Episode 852 - Score: 0.3000000000000007, Steps: 50
2025-08-28 20:00:38,694 - INFO - Episode 853 - Score: 2.0000000000000018, Steps: 55
2025-08-28 20:00:40,883 - INFO - Episode 854 - Score: 0.3000000000000007, Steps: 50
2025-08-28 20:00:43,120 - INFO - Episode 855 - Score: 0.3000000000000007, Steps: 50
2025-08-28 20:00:45,283 - INFO - Episode 856 - Score: 1.1000000000000014, Steps: 46
2025-08-28 20:00:47,597 - INFO - Episode 857 - Score: 1.5, Steps: 50
2025-08-28 20:00:49,930 - INFO - Episode 858 - Score: 2.9999999999999982, Steps: 53
2025-08-28 20:00:52,306 - INFO - Episode 859 - Score: 2.9999999999999982, Steps: 53
2025-08-28 20:00:54,652 - INFO - Episode 860 - Score: -0.8999999999999986, Steps: 50
2025-08-28 20:00:54,813 - INFO - Model saved at episode 860
2025-08-28 20:00:57,004 - INFO - Episode 861 - Score: -0.8999999999999986, Steps: 50
2025-08-28 20:00:59,245 - INFO - Episode 862 - Score: -0.8999999999999986, Steps: 50
2025-08-28 20:01:01,496 - INFO - Episode 863 - Score: -0.8999999999999986, Steps: 50
2025-08-28 20:01:03,792 - INFO - Episode 864 - Score: -0.8999999999999986, Steps: 50
2025-08-28 20:01:06,149 - INFO - Episode 865 - Score: 2.0999999999999996, Steps: 50
2025-08-28 20:01:08,433 - INFO - Episode 866 - Score: 1.5, Steps: 50
2025-08-28 20:01:10,684 - INFO - Episode 867 - Score: 2.0999999999999996, Steps: 50
2025-08-28 20:01:13,069 - INFO - Episode 868 - Score: 1.5, Steps: 50
2025-08-28 20:01:15,420 - INFO - Episode 869 - Score: 1.5, Steps: 50
2025-08-28 20:01:17,770 - INFO - Episode 870 - Score: 0.3000000000000007, Steps: 50
2025-08-28 20:01:17,925 - INFO - Model saved at episode 870
2025-08-28 20:01:20,064 - INFO - Episode 871 - Score: 2.0999999999999996, Steps: 50
2025-08-28 20:01:22,508 - INFO - Episode 872 - Score: 3.299999999999997, Steps: 56
2025-08-28 20:01:24,859 - INFO - Episode 873 - Score: 0.3000000000000007, Steps: 50
2025-08-28 20:01:27,458 - INFO - Episode 874 - Score: 1.5, Steps: 50
2025-08-28 20:01:29,761 - INFO - Episode 875 - Score: -0.8999999999999986, Steps: 50
2025-08-28 20:01:32,027 - INFO - Episode 876 - Score: -0.8999999999999986, Steps: 50
2025-08-28 20:01:34,400 - INFO - Episode 877 - Score: -0.8999999999999986, Steps: 50
2025-08-28 20:01:36,732 - INFO - Episode 878 - Score: 2.0999999999999996, Steps: 50
2025-08-28 20:01:39,031 - INFO - Episode 879 - Score: 1.5, Steps: 50
2025-08-28 20:01:41,308 - INFO - Episode 880 - Score: 1.0999999999999996, Steps: 52
2025-08-28 20:01:41,462 - INFO - Model saved at episode 880
2025-08-28 20:01:45,247 - INFO - Episode 881 - Score: 1.7999999999999945, Steps: 86
2025-08-28 20:01:49,538 - INFO - Episode 882 - Score: -1.7763568394002505e-15, Steps: 86
2025-08-28 20:01:52,357 - INFO - Episode 883 - Score: 1.8999999999999968, Steps: 60
2025-08-28 20:01:56,399 - INFO - Episode 884 - Score: 0.7999999999999945, Steps: 88
2025-08-28 20:01:58,718 - INFO - Episode 885 - Score: 0.9000000000000004, Steps: 50
2025-08-28 20:02:00,962 - INFO - Episode 886 - Score: -0.8999999999999986, Steps: 50
2025-08-28 20:02:03,447 - INFO - Episode 887 - Score: 3.299999999999997, Steps: 56
2025-08-28 20:02:05,808 - INFO - Episode 888 - Score: 2.0999999999999996, Steps: 50
2025-08-28 20:02:08,192 - INFO - Episode 889 - Score: 2.0999999999999996, Steps: 50
2025-08-28 20:02:10,938 - INFO - Episode 890 - Score: 1.8999999999999968, Steps: 63
2025-08-28 20:02:11,096 - INFO - Model saved at episode 890
2025-08-28 20:02:13,177 - INFO - Episode 891 - Score: 2.0999999999999996, Steps: 50
2025-08-28 20:02:15,775 - INFO - Episode 892 - Score: 3.1999999999999975, Steps: 55
2025-08-28 20:02:18,530 - INFO - Episode 893 - Score: 2.299999999999997, Steps: 58
2025-08-28 20:02:20,945 - INFO - Episode 894 - Score: 3.1999999999999975, Steps: 55
2025-08-28 20:02:23,386 - INFO - Episode 895 - Score: 3.299999999999997, Steps: 56
2025-08-28 20:02:25,730 - INFO - Episode 896 - Score: 0.9000000000000004, Steps: 50
2025-08-28 20:02:28,141 - INFO - Episode 897 - Score: 1.5, Steps: 50
2025-08-28 20:02:30,351 - INFO - Episode 898 - Score: 1.5, Steps: 50
2025-08-28 20:02:32,626 - INFO - Episode 899 - Score: 1.5, Steps: 50
2025-08-28 20:02:34,943 - INFO - Episode 900 - Score: 2.0999999999999996, Steps: 50
2025-08-28 20:02:35,110 - INFO - Model saved at episode 900
2025-08-28 20:02:37,334 - INFO - Episode 901 - Score: 2.6999999999999993, Steps: 50
2025-08-28 20:02:39,605 - INFO - Episode 902 - Score: -0.29999999999999893, Steps: 50
2025-08-28 20:02:42,135 - INFO - Episode 903 - Score: 2.799999999999997, Steps: 57
2025-08-28 20:02:45,943 - INFO - Episode 904 - Score: 1.1999999999999957, Steps: 86
2025-08-28 20:02:48,508 - INFO - Episode 905 - Score: 2.6999999999999975, Steps: 56
2025-08-28 20:02:52,191 - INFO - Episode 906 - Score: 1.7999999999999972, Steps: 86
2025-08-28 20:02:57,573 - INFO - Episode 907 - Score: 2.0999999999999908, Steps: 122
2025-08-28 20:03:00,129 - INFO - Episode 908 - Score: 3.299999999999997, Steps: 56
2025-08-28 20:03:05,338 - INFO - Episode 909 - Score: 0.2999999999999985, Steps: 122
2025-08-28 20:03:07,688 - INFO - Episode 910 - Score: 0.3000000000000007, Steps: 50
2025-08-28 20:03:07,866 - INFO - Model saved at episode 910
2025-08-28 20:03:10,040 - INFO - Episode 911 - Score: 2.799999999999999, Steps: 51
2025-08-28 20:03:12,244 - INFO - Episode 912 - Score: -0.8999999999999986, Steps: 50
2025-08-28 20:03:14,504 - INFO - Episode 913 - Score: -9.299999999999999, Steps: 50
2025-08-28 20:03:16,875 - INFO - Episode 914 - Score: -9.299999999999999, Steps: 50
2025-08-28 20:03:19,161 - INFO - Episode 915 - Score: -0.8999999999999986, Steps: 50
2025-08-28 20:03:21,411 - INFO - Episode 916 - Score: -0.8999999999999986, Steps: 50
2025-08-28 20:03:23,709 - INFO - Episode 917 - Score: -0.09999999999999831, Steps: 52
2025-08-28 20:03:26,167 - INFO - Episode 918 - Score: 2.9999999999999982, Steps: 53
2025-08-28 20:03:28,930 - INFO - Episode 919 - Score: 8.881784197001252e-16, Steps: 59
2025-08-28 20:03:31,586 - INFO - Episode 920 - Score: 1.7999999999999972, Steps: 59
2025-08-28 20:03:31,746 - INFO - Model saved at episode 920
2025-08-28 20:03:34,023 - INFO - Episode 921 - Score: 3.1999999999999975, Steps: 55
2025-08-28 20:03:36,357 - INFO - Episode 922 - Score: -0.29999999999999893, Steps: 50
2025-08-28 20:03:38,802 - INFO - Episode 923 - Score: 2.1999999999999993, Steps: 51
2025-08-28 20:03:41,032 - INFO - Episode 924 - Score: 2.6999999999999993, Steps: 50
2025-08-28 20:03:43,289 - INFO - Episode 925 - Score: 2.799999999999999, Steps: 51
2025-08-28 20:03:45,667 - INFO - Episode 926 - Score: 2.799999999999999, Steps: 51
2025-08-28 20:03:48,020 - INFO - Episode 927 - Score: 2.6999999999999993, Steps: 50
2025-08-28 20:03:50,810 - INFO - Episode 928 - Score: 4.899999999999995, Steps: 63
2025-08-28 20:03:53,312 - INFO - Episode 929 - Score: 2.299999999999997, Steps: 58
2025-08-28 20:03:55,834 - INFO - Episode 930 - Score: 3.1999999999999975, Steps: 55
2025-08-28 20:03:55,998 - INFO - Model saved at episode 930
2025-08-28 20:03:58,556 - INFO - Episode 931 - Score: 2.1999999999999975, Steps: 57
2025-08-28 20:04:00,971 - INFO - Episode 932 - Score: 3.099999999999998, Steps: 54
2025-08-28 20:04:04,733 - INFO - Episode 933 - Score: 0.5999999999999952, Steps: 86
2025-08-28 20:04:08,848 - INFO - Episode 934 - Score: 3.499999999999992, Steps: 91
2025-08-28 20:04:11,041 - INFO - Episode 935 - Score: 1.5, Steps: 50
2025-08-28 20:04:13,471 - INFO - Episode 936 - Score: 3.299999999999997, Steps: 56
2025-08-28 20:04:16,234 - INFO - Episode 937 - Score: -0.4999999999999991, Steps: 60
2025-08-28 20:04:22,035 - INFO - Episode 938 - Score: 7.799999999999974, Steps: 134
2025-08-28 20:04:24,223 - INFO - Episode 939 - Score: -0.8999999999999986, Steps: 50
2025-08-28 20:04:26,916 - INFO - Episode 940 - Score: 1.1000000000000005, Steps: 58
2025-08-28 20:04:27,086 - INFO - Model saved at episode 940
2025-08-28 20:04:29,738 - INFO - Episode 941 - Score: -0.4999999999999991, Steps: 60
2025-08-28 20:04:32,401 - INFO - Episode 942 - Score: 8.881784197001252e-16, Steps: 62
2025-08-28 20:04:34,564 - INFO - Episode 943 - Score: 2.6999999999999993, Steps: 50
2025-08-28 20:04:36,875 - INFO - Episode 944 - Score: -6.899999999999999, Steps: 50
2025-08-28 20:04:39,213 - INFO - Episode 945 - Score: -5.699999999999999, Steps: 50
2025-08-28 20:04:41,422 - INFO - Episode 946 - Score: -8.099999999999998, Steps: 50
2025-08-28 20:04:43,620 - INFO - Episode 947 - Score: -9.299999999999999, Steps: 50
2025-08-28 20:04:45,915 - INFO - Episode 948 - Score: -0.8999999999999986, Steps: 50
2025-08-28 20:04:48,280 - INFO - Episode 949 - Score: -9.299999999999999, Steps: 50
2025-08-28 20:04:50,564 - INFO - Episode 950 - Score: -9.299999999999999, Steps: 50
2025-08-28 20:04:50,722 - INFO - Model saved at episode 950
2025-08-28 20:04:52,847 - INFO - Episode 951 - Score: -9.299999999999999, Steps: 50
2025-08-28 20:04:55,051 - INFO - Episode 952 - Score: -0.8999999999999986, Steps: 50
2025-08-28 20:04:57,393 - INFO - Episode 953 - Score: -8.7, Steps: 50
2025-08-28 20:04:59,701 - INFO - Episode 954 - Score: -4.499999999999998, Steps: 50
2025-08-28 20:05:01,928 - INFO - Episode 955 - Score: -0.8999999999999986, Steps: 50
2025-08-28 20:05:04,190 - INFO - Episode 956 - Score: 2.799999999999999, Steps: 51
2025-08-28 20:05:06,511 - INFO - Episode 957 - Score: 1.5, Steps: 50
2025-08-28 20:05:08,874 - INFO - Episode 958 - Score: 2.6999999999999993, Steps: 50
2025-08-28 20:05:11,165 - INFO - Episode 959 - Score: 2.799999999999999, Steps: 51
2025-08-28 20:05:13,378 - INFO - Episode 960 - Score: 2.0999999999999996, Steps: 50
2025-08-28 20:05:13,525 - INFO - Model saved at episode 960
2025-08-28 20:05:15,693 - INFO - Episode 961 - Score: 2.0999999999999996, Steps: 50
2025-08-28 20:05:18,031 - INFO - Episode 962 - Score: -0.29999999999999893, Steps: 50
2025-08-28 20:05:20,324 - INFO - Episode 963 - Score: -0.29999999999999893, Steps: 50
2025-08-28 20:05:22,654 - INFO - Episode 964 - Score: 2.9999999999999982, Steps: 53
2025-08-28 20:05:24,959 - INFO - Episode 965 - Score: 2.0999999999999996, Steps: 50
2025-08-28 20:05:27,546 - INFO - Episode 966 - Score: -0.2999999999999985, Steps: 56
2025-08-28 20:05:29,923 - INFO - Episode 967 - Score: -0.29999999999999893, Steps: 50
2025-08-28 20:05:32,141 - INFO - Episode 968 - Score: -0.29999999999999893, Steps: 50
2025-08-28 20:05:34,357 - INFO - Episode 969 - Score: 0.3000000000000007, Steps: 50
2025-08-28 20:05:36,663 - INFO - Episode 970 - Score: -0.8999999999999986, Steps: 50
2025-08-28 20:05:36,827 - INFO - Model saved at episode 970
2025-08-28 20:05:39,029 - INFO - Episode 971 - Score: -0.8999999999999986, Steps: 50
2025-08-28 20:05:41,299 - INFO - Episode 972 - Score: -9.299999999999999, Steps: 50
2025-08-28 20:05:43,486 - INFO - Episode 973 - Score: -9.299999999999999, Steps: 50
2025-08-28 20:05:45,755 - INFO - Episode 974 - Score: -0.8999999999999986, Steps: 50
2025-08-28 20:05:48,129 - INFO - Episode 975 - Score: -0.8999999999999986, Steps: 50
2025-08-28 20:05:50,759 - INFO - Episode 976 - Score: -0.6999999999999984, Steps: 58
2025-08-28 20:05:52,946 - INFO - Episode 977 - Score: -0.29999999999999893, Steps: 50
2025-08-28 20:05:55,430 - INFO - Episode 978 - Score: 0.3000000000000016, Steps: 56
2025-08-28 20:05:57,761 - INFO - Episode 979 - Score: -0.29999999999999893, Steps: 50
2025-08-28 20:06:00,097 - INFO - Episode 980 - Score: -0.8999999999999986, Steps: 50
2025-08-28 20:06:00,253 - INFO - Model saved at episode 980
2025-08-28 20:06:02,325 - INFO - Episode 981 - Score: -0.29999999999999893, Steps: 50
2025-08-28 20:06:04,489 - INFO - Episode 982 - Score: -6.299999999999999, Steps: 50
2025-08-28 20:06:06,811 - INFO - Episode 983 - Score: -0.29999999999999893, Steps: 50
2025-08-28 20:06:09,187 - INFO - Episode 984 - Score: -0.8999999999999986, Steps: 50
2025-08-28 20:06:11,484 - INFO - Episode 985 - Score: -0.8999999999999986, Steps: 50
2025-08-28 20:06:13,684 - INFO - Episode 986 - Score: -0.8999999999999986, Steps: 50
2025-08-28 20:06:15,912 - INFO - Episode 987 - Score: -0.8999999999999986, Steps: 50
2025-08-28 20:06:18,253 - INFO - Episode 988 - Score: -0.29999999999999893, Steps: 50
2025-08-28 20:06:20,594 - INFO - Episode 989 - Score: 1.5, Steps: 50
2025-08-28 20:06:23,131 - INFO - Episode 990 - Score: -0.2999999999999985, Steps: 56
2025-08-28 20:06:23,284 - INFO - Model saved at episode 990
2025-08-28 20:06:25,341 - INFO - Episode 991 - Score: -0.8999999999999986, Steps: 50
2025-08-28 20:06:27,690 - INFO - Episode 992 - Score: 0.3000000000000007, Steps: 50
2025-08-28 20:06:30,230 - INFO - Episode 993 - Score: 2.9999999999999982, Steps: 53
2025-08-28 20:06:32,684 - INFO - Episode 994 - Score: 0.30000000000000204, Steps: 56
2025-08-28 20:06:34,894 - INFO - Episode 995 - Score: -0.29999999999999893, Steps: 50
2025-08-28 20:06:37,213 - INFO - Episode 996 - Score: -0.29999999999999893, Steps: 50
2025-08-28 20:06:39,568 - INFO - Episode 997 - Score: -0.29999999999999893, Steps: 50
2025-08-28 20:06:42,040 - INFO - Episode 998 - Score: 0.30000000000000204, Steps: 56
2025-08-28 20:06:44,432 - INFO - Episode 999 - Score: 1.4000000000000012, Steps: 55
2025-08-28 20:06:48,283 - INFO - Episode 1000 - Score: 2.399999999999995, Steps: 86
2025-08-28 20:06:48,450 - INFO - Model saved at episode 1000
2025-08-28 20:06:48,534 - INFO - Training completed
2025-08-28 20:25:12,289 - ERROR - Failed to import flappy_bird_gym: No module named 'flappy_bird_gym'
2025-08-28 20:25:12,298 - INFO - Using FlappyBird-v0 from flappy_bird_gymnasium
2025-08-28 20:25:12,407 - INFO - Loaded previous weights to continue training
2025-08-28 20:25:14,185 - INFO - Episode 1 - Score: -7.499999999999998, Steps: 50
2025-08-28 20:25:14,713 - INFO - New best score: -7.499999999999998. Model saved.
2025-08-28 20:25:16,622 - INFO - Episode 2 - Score: -7.499999999999998, Steps: 50
2025-08-28 20:25:18,750 - INFO - Episode 3 - Score: -8.7, Steps: 50
2025-08-28 20:25:20,856 - INFO - Episode 4 - Score: -9.299999999999999, Steps: 50
2025-08-28 20:25:22,961 - INFO - Episode 5 - Score: -9.299999999999999, Steps: 50
2025-08-28 20:25:25,247 - INFO - Episode 6 - Score: -0.8999999999999986, Steps: 50
2025-08-28 20:25:25,432 - INFO - New best score: -0.8999999999999986. Model saved.
2025-08-28 20:25:27,653 - INFO - Episode 7 - Score: -0.8999999999999986, Steps: 50
2025-08-28 20:25:30,658 - INFO - Episode 8 - Score: -0.29999999999999893, Steps: 50
2025-08-28 20:25:30,918 - INFO - New best score: -0.29999999999999893. Model saved.
2025-08-28 20:25:33,741 - INFO - Episode 9 - Score: -0.8999999999999986, Steps: 50
2025-08-28 20:25:37,435 - INFO - Episode 10 - Score: 2.9999999999999982, Steps: 53
2025-08-28 20:25:37,700 - INFO - New best score: 2.9999999999999982. Model saved.
2025-08-28 20:25:37,718 - INFO - Model saved at episode 10
2025-08-28 20:25:40,796 - INFO - Episode 11 - Score: -0.29999999999999893, Steps: 50
2025-08-28 20:25:43,982 - INFO - Episode 12 - Score: -0.29999999999999893, Steps: 50
2025-08-28 20:25:47,439 - INFO - Episode 13 - Score: -0.8999999999999986, Steps: 50
2025-08-28 20:25:50,686 - INFO - Episode 14 - Score: -0.8999999999999986, Steps: 50
2025-08-28 20:25:53,904 - INFO - Episode 15 - Score: -0.8999999999999986, Steps: 50
2025-08-28 20:25:57,512 - INFO - Episode 16 - Score: -0.8999999999999986, Steps: 50
2025-08-28 20:26:01,175 - INFO - Episode 17 - Score: -0.8999999999999986, Steps: 50
2025-08-28 20:26:04,163 - INFO - Episode 18 - Score: 1.5, Steps: 50
2025-08-28 20:26:06,570 - INFO - Episode 19 - Score: -0.29999999999999893, Steps: 50
2025-08-28 20:26:08,982 - INFO - Episode 20 - Score: -0.8999999999999986, Steps: 50
2025-08-28 20:26:09,146 - INFO - Model saved at episode 20
2025-08-28 20:26:11,274 - INFO - Episode 21 - Score: 0.3000000000000007, Steps: 50
2025-08-28 20:26:13,550 - INFO - Episode 22 - Score: 0.9000000000000004, Steps: 50
2025-08-28 20:26:16,043 - INFO - Episode 23 - Score: -0.8999999999999986, Steps: 50
